	Hull (1183 polys, 3549 verts) '1 - Default'
		Superstructure (2787 polys, 8361 verts) '2 - Default'
		FlightDeck (121 polys, 363 verts) '1 - Default'
		mesh01 (42 polys, 126 verts) '7 - Default'
		mesh02 (62 polys, 186 verts) '7 - Default'
		mesh03 (71 polys, 213 verts) '7 - Default'
		mesh05 (42 polys, 126 verts) '7 - Default'
		mesh06 (86 polys, 258 verts) '7 - Default'
		mesh07 (42 polys, 126 verts) '7 - Default'
		mesh08 (42 polys, 126 verts) '7 - Default'
		mesh09 (42 polys, 126 verts) '7 - Default'
		mesh10 (134 polys, 402 verts) '7 - Default'
		mesh11 (134 polys, 402 verts) '7 - Default'
		mesh12 (42 polys, 126 verts) '7 - Default'
		mesh17 (42 polys, 126 verts) '7 - Default'
		mesh18 (102 polys, 306 verts) '7 - Default'
		mesh22 (71 polys, 213 verts) '7 - Default'
		mesh29 (102 polys, 306 verts) '7 - Default'
		mesh36 (8 polys, 24 verts) '7 - Default'
		mesh37 (17 polys, 51 verts) '7 - Default'
		mesh39 (42 polys, 126 verts) '7 - Default'
		mesh40 (86 polys, 258 verts) '7 - Default'
		mesh41 (134 polys, 402 verts) '7 - Default'
		mesh42 (134 polys, 402 verts) '7 - Default'
		Decking (105 polys, 315 verts) '3 - Default'
		Gun1 (58 polys, 174 verts) '7 - Default'
			Barrel1 (28 polys, 84 verts) '7 - Default'
				Barrel2 (28 polys, 84 verts) '7 - Default'
		mesh51 (58 polys, 174 verts) '7 - Default'
		mesh52 (28 polys, 84 verts) '7 - Default'
		mesh53 (28 polys, 84 verts) '7 - Default'
		mesh54 (58 polys, 174 verts) '7 - Default'
		mesh55 (28 polys, 84 verts) '7 - Default'
		mesh56 (28 polys, 84 verts) '7 - Default'
		mesh57 (58 polys, 174 verts) '7 - Default'
		mesh58 (28 polys, 84 verts) '7 - Default'
		mesh59 (28 polys, 84 verts) '7 - Default'
		mesh60 (58 polys, 174 verts) '7 - Default'
		mesh61 (28 polys, 84 verts) '7 - Default'
		mesh62 (28 polys, 84 verts) '7 - Default'
		mesh63 (58 polys, 174 verts) '7 - Default'
		mesh64 (28 polys, 84 verts) '7 - Default'
		mesh65 (28 polys, 84 verts) '7 - Default'
		mesh66 (58 polys, 174 verts) '7 - Default'
		mesh67 (28 polys, 84 verts) '7 - Default'
		mesh68 (28 polys, 84 verts) '7 - Default'
		Gun2 (58 polys, 174 verts) '7 - Default'
			Barrel1 (28 polys, 84 verts) '7 - Default'
				Barrel2 (28 polys, 84 verts) '7 - Default'
		mesh72 (42 polys, 126 verts) '7 - Default'
		mesh73 (86 polys, 258 verts) '7 - Default'
		mesh75 (126 polys, 378 verts) '7 - Default'
		mesh77 (76 polys, 228 verts) '7 - Default'
		mesh80 (76 polys, 228 verts) '7 - Default'
		mesh81 (76 polys, 228 verts) '7 - Default'
		mesh82 (76 polys, 228 verts) '7 - Default'
		mesh83 (76 polys, 228 verts) '7 - Default'
		mesh84 (76 polys, 228 verts) '7 - Default'
		mesh85 (76 polys, 228 verts) '7 - Default'
		mesh86 (76 polys, 228 verts) '7 - Default'
		mesh87 (532 polys, 1596 verts) '7 - Default'


Total:    (7979 polys, 23937 verts)
Mesh Max: (2787 polys, 8361 verts)
