	FlightDeck (82 polys, 246 verts) '1 - Default'
	Hull (1715 polys, 5145 verts) '1 - Default'
		Turret (46 polys, 138 verts) '1 - Default'
			Gun (56 polys, 168 verts) '1 - Default'
		mesh23 (72 polys, 216 verts) '1 - Default'
		mesh20 (24 polys, 72 verts) '8 - Default'
		mesh18 (24 polys, 72 verts) '8 - Default'
		mesh05 (236 polys, 708 verts) '1 - Default'
		mesh17 (76 polys, 228 verts) '1 - Default'
		mesh16 (76 polys, 228 verts) '1 - Default'
		mesh11 (76 polys, 228 verts) '1 - Default'
		mesh08 (76 polys, 228 verts) '1 - Default'
		mesh02 (76 polys, 228 verts) '1 - Default'
		mesh54 (56 polys, 168 verts) '1 - Default'
		mesh14 (134 polys, 402 verts) '1 - Default'
		mesh13 (126 polys, 378 verts) '1 - Default'
		mesh12 (126 polys, 378 verts) '1 - Default'
		mesh07 (126 polys, 378 verts) '1 - Default'
		mesh09 (126 polys, 378 verts) '1 - Default'
		mesh04 (126 polys, 378 verts) '1 - Default'
		mesh03 (693 polys, 2079 verts) '1 - Default'
		mesh01 (28 polys, 84 verts) '7 - Default'
		Superstructure (2337 polys, 7011 verts) '2 - Default'
		mesh52 (226 polys, 678 verts) '1 - Default'
		mesh29 (76 polys, 228 verts) '1 - Default'
		mesh28 (134 polys, 402 verts) '1 - Default'
		mesh27 (72 polys, 216 verts) '1 - Default'
		mesh10 (86 polys, 258 verts) '1 - Default'
		Turretbase (24 polys, 72 verts) '1 - Default'
		mesh15 (204 polys, 612 verts) '3 - Default'


Total:    (7335 polys, 22005 verts)
Mesh Max: (2337 polys, 7011 verts)
