	Hull (456 polys, 1368 verts) '09 - Default'
		Canopyframe (72 polys, 216 verts) '09 - Default'
			CanopyGlass (72 polys, 216 verts) '17 - Default'
		Streben (840 polys, 2520 verts) '07 - Default'
			Gunsightframe (168 polys, 504 verts) '09 - Default'
				Gunsightholder (208 polys, 624 verts) '09 - Default'
					Targeter (580 polys, 1740 verts) '04 - Default'
						Sight (12 polys, 36 verts) '19 - Default'
			Gyrohold (88 polys, 264 verts) '07 - Default'
				GyroHousing (56 polys, 168 verts) '09 - Default'
					GyroCompass (72 polys, 216 verts) '10 - Default'
						CourseMarker (12 polys, 36 verts) '09 - Default'
			LowerPanel (88 polys, 264 verts) '05 - Default'
				Switch (120 polys, 360 verts) '09 - Default'
				Switch01 (120 polys, 360 verts) '09 - Default'
				Switch02 (120 polys, 360 verts) '09 - Default'
					needle_Accel (67 polys, 201 verts) '14 - Default'
					needle_Oxygen (67 polys, 201 verts) '14 - Default'
					Needle_Multi1 (20 polys, 60 verts) '14 - Default'
					needle_OilPress01 (96 polys, 288 verts) '14 - Default'
					needle_FuelPress (96 polys, 288 verts) '14 - Default'
				GearFlapsbox (28 polys, 84 verts) '05 - Default'
			LSidePanel (40 polys, 120 verts) '05 - Default'
				GearHousing (82 polys, 246 verts) '01 - Default'
					Gear (10 polys, 30 verts) '20 - Default'
					Gearlights (10 polys, 30 verts) '21 - Default'
				RMIBOX (198 polys, 594 verts) '01 - Default'
				RMIWheel (19 polys, 57 verts) '16 - Default'
					BearingMarker (56 polys, 168 verts) '14 - Default'
					CourseArrow (20 polys, 60 verts) '14 - Default'
				Instrumentbox07 (198 polys, 594 verts) '01 - Default'
					Instrument07 (19 polys, 57 verts) '02 - Default'
				Instrumentbox08 (198 polys, 594 verts) '01 - Default'
					Instrument08 (19 polys, 57 verts) '01 - Default'
				Instrumentbox09 (198 polys, 594 verts) '01 - Default'
					Instrument09 (19 polys, 57 verts) '02 - Default'
				Button (24 polys, 72 verts) '05 - Default'
				Button01 (24 polys, 72 verts) '05 - Default'
				Box01 (20 polys, 60 verts) '03 - Default'
				Box02 (20 polys, 60 verts) '03 - Default'
				ClockBox (198 polys, 594 verts) '01 - Default'
					Instrument10 (19 polys, 57 verts) '02 - Default'
				needle_Hour (70 polys, 210 verts) '14 - Default'
				needle_Minute (70 polys, 210 verts) '14 - Default'
				needle_Second (70 polys, 210 verts) '14 - Default'
			Mainpanel (12 polys, 36 verts) '01 - Default'
				ADIRing (460 polys, 1380 verts) '01 - Default'
					PitchRollBar (72 polys, 216 verts) '15 - Default'
					Indexer (12 polys, 36 verts) '14 - Default'
				Compassindexer (72 polys, 216 verts) 'Material #11'
				needle_alt100 (96 polys, 288 verts) '14 - Default'
				needle_alt1000 (96 polys, 288 verts) '14 - Default'
				needle_alt10000 (96 polys, 288 verts) '14 - Default'
				needle_Pitch (96 polys, 288 verts) '14 - Default'
				needle_slip (67 polys, 201 verts) '14 - Default'
				needle_speed (96 polys, 288 verts) '14 - Default'
				needle_turn (67 polys, 201 verts) '14 - Default'
				FlapsIndicPanel (12 polys, 36 verts) '05 - Default'
				FlapsIndexer (20 polys, 60 verts) '14 - Default'
				Knobm (52 polys, 156 verts) '09 - Default'
				Knob01 (52 polys, 156 verts) '09 - Default'
				Knob03 (52 polys, 156 verts) '09 - Default'
			RSidePanel (40 polys, 120 verts) '05 - Default'
				Instrumentbox01 (198 polys, 594 verts) '01 - Default'
					Instrument01 (19 polys, 57 verts) '01 - Default'
				Instrumentbox02 (198 polys, 594 verts) '01 - Default'
					Instrument02 (19 polys, 57 verts) '02 - Default'
				Instrumentbox03 (198 polys, 594 verts) '01 - Default'
					Instrument03 (19 polys, 57 verts) '02 - Default'
				Instrumentbox04 (198 polys, 594 verts) '01 - Default'
					Instrument04 (19 polys, 57 verts) '02 - Default'
				Instrumentbox05 (198 polys, 594 verts) '01 - Default'
					Instrument05 (19 polys, 57 verts) '02 - Default'
				OilPressBox (28 polys, 84 verts) '01 - Default'
				FuelPressBox (28 polys, 84 verts) '01 - Default'
				Emergenysign (96 polys, 288 verts) '09 - Default'
					Emergencybutton (54 polys, 162 verts) '09 - Default'
				FuelTankselector (236 polys, 708 verts) '09 - Default'
				Sign08 (12 polys, 36 verts) '03 - Default'
				needle_Fuel (96 polys, 288 verts) '14 - Default'
				needle_manifold (96 polys, 288 verts) '14 - Default'
				needle_RADTemp (96 polys, 288 verts) '14 - Default'
				needle_OilTemp (96 polys, 288 verts) '14 - Default'
				needle_RPM100 (96 polys, 288 verts) '14 - Default'
				needle_RPM1000 (96 polys, 288 verts) '14 - Default'
			UpperPanel (40 polys, 120 verts) '05 - Default'
				FireLight (48 polys, 144 verts) '09 - Default'
				EngineFireLight (36 polys, 108 verts) '09 - Default'
				MasterCautionLight (36 polys, 108 verts) '09 - Default'
				MasterCautionLightBox (48 polys, 144 verts) '09 - Default'
			Pedals (168 polys, 504 verts) '07 - Default'
			Strebe02 (20 polys, 60 verts) '05 - Default'
			Strebe1 (20 polys, 60 verts) '05 - Default'
			Schraube01 (60 polys, 180 verts) '01 - Default'
			Schraube02 (60 polys, 180 verts) '01 - Default'
			Schraube03 (60 polys, 180 verts) '01 - Default'
			Schraube04 (60 polys, 180 verts) '01 - Default'
			Schraube05 (60 polys, 180 verts) '01 - Default'
			Schraube06 (60 polys, 180 verts) '01 - Default'
			Schraube07 (60 polys, 180 verts) '01 - Default'
			Schraube08 (60 polys, 180 verts) '01 - Default'
			Schraube09 (60 polys, 180 verts) '01 - Default'
			Schraube10 (60 polys, 180 verts) '01 - Default'
			Schraube24 (60 polys, 180 verts) '01 - Default'
			Schraube26 (60 polys, 180 verts) '01 - Default'
			Schraube28 (60 polys, 180 verts) '01 - Default'
			Schraube29 (60 polys, 180 verts) '01 - Default'
			Schraube30 (60 polys, 180 verts) '01 - Default'
			Schraube32 (60 polys, 180 verts) '01 - Default'
			Schraube33 (60 polys, 180 verts) '01 - Default'
			Schraube34 (60 polys, 180 verts) '01 - Default'
			Schraube36 (60 polys, 180 verts) '01 - Default'
			Schraube37 (60 polys, 180 verts) '01 - Default'
			Schraube38 (60 polys, 180 verts) '01 - Default'
			Schraube40 (60 polys, 180 verts) '01 - Default'
			Schraube41 (60 polys, 180 verts) '01 - Default'
			Schraube42 (60 polys, 180 verts) '01 - Default'
			Schraube44 (60 polys, 180 verts) '01 - Default'
			Schraube45 (60 polys, 180 verts) '01 - Default'
			Schraube46 (60 polys, 180 verts) '01 - Default'
			Schraube48 (60 polys, 180 verts) '01 - Default'
			Schraube49 (60 polys, 180 verts) '01 - Default'
			Schraube50 (60 polys, 180 verts) '01 - Default'
			Schraube52 (60 polys, 180 verts) '01 - Default'
			Schraube53 (60 polys, 180 verts) '01 - Default'
			Schraube54 (60 polys, 180 verts) '01 - Default'
			Schraube56 (60 polys, 180 verts) '01 - Default'
			Schraube57 (60 polys, 180 verts) '01 - Default'
			Schraube58 (60 polys, 180 verts) '01 - Default'
			Sign (20 polys, 60 verts) '03 - Default'
			Box03 (12 polys, 36 verts) '09 - Default'
			Box04 (12 polys, 36 verts) '09 - Default'
			Box05 (12 polys, 36 verts) '03 - Default'
			Box06 (12 polys, 36 verts) '04 - Default'
			Schraube11 (60 polys, 180 verts) '01 - Default'
			Schraube60 (60 polys, 180 verts) '01 - Default'
			Schraube61 (60 polys, 180 verts) '01 - Default'
			Schraube62 (60 polys, 180 verts) '01 - Default'
		Fuﬂblech (2 polys, 6 verts) '08 - Default'
		Fuﬂblech01 (2 polys, 6 verts) '08 - Default'
		FrontFrame (264 polys, 792 verts) '09 - Default'
			SideWindow (12 polys, 36 verts) '17 - Default'
			SideWindow01 (12 polys, 36 verts) '17 - Default'
			Windschield (12 polys, 36 verts) '18 - Default'
		Rail (40 polys, 120 verts) '09 - Default'
		rightleg (216 polys, 648 verts) '13 - Default'
		Leftleg (216 polys, 648 verts) '13 - Default'
		FlapsSwitch (32 polys, 96 verts) '09 - Default'
		GearSwitch (32 polys, 96 verts) '09 - Default'
		JettisonSwitch (32 polys, 96 verts) '09 - Default'
		JettisonSwitch01 (32 polys, 96 verts) '09 - Default'
		Throtbox (40 polys, 120 verts) '05 - Default'
			Throttle (56 polys, 168 verts) '09 - Default'
			Mixture_Switch (32 polys, 96 verts) '09 - Default'


Total:    (12560 polys, 37680 verts)
Mesh Max: (840 polys, 2520 verts)
