	PIT (574 polys, 1722 verts) '02 - Default'
		Panel (444 polys, 1332 verts) '01 - Default'
			Box01 (10 polys, 30 verts) '01 - Default'
				Instrument1 (2 polys, 6 verts) '09 - Default'
			Box02 (10 polys, 30 verts) '01 - Default'
				Instrument02 (2 polys, 6 verts) '10 - Default'
			Box04 (10 polys, 30 verts) '01 - Default'
				altimeter (2 polys, 6 verts) '06 - Default'
			Box03 (10 polys, 30 verts) '01 - Default'
				Instrument03 (2 polys, 6 verts) '10 - Default'
			ADIBOX (10 polys, 30 verts) '01 - Default'
				ADIHousing (2 polys, 6 verts) '06 - Default'
			HSI BOX (10 polys, 30 verts) '01 - Default'
				HSI (2 polys, 6 verts) '10 - Default'
				HSI_Marker (2 polys, 6 verts) '08 - Default'
			Box07 (10 polys, 30 verts) '01 - Default'
				Instrument07 (2 polys, 6 verts) '12 - Default'
			Box08 (10 polys, 30 verts) '01 - Default'
				Instrument08 (2 polys, 6 verts) '09 - Default'
			Box09 (10 polys, 30 verts) '01 - Default'
				Instrument09 (2 polys, 6 verts) '06 - Default'
			Box10 (10 polys, 30 verts) '01 - Default'
				Instrument10 (2 polys, 6 verts) '06 - Default'
			Box11 (10 polys, 30 verts) '01 - Default'
				Instrument11 (2 polys, 6 verts) '10 - Default'
				Instrument16 (2 polys, 6 verts) '08 - Default'
				Instrument17 (2 polys, 6 verts) '08 - Default'
				Instrument18 (2 polys, 6 verts) '08 - Default'
				Instrument19 (2 polys, 6 verts) '08 - Default'
				Instrument23 (2 polys, 6 verts) '08 - Default'
				Instrument24 (2 polys, 6 verts) '08 - Default'
				Instrument25 (2 polys, 6 verts) '08 - Default'
				Instrument26 (2 polys, 6 verts) '08 - Default'
				Instrument27 (2 polys, 6 verts) '08 - Default'
				Instrument28 (2 polys, 6 verts) '08 - Default'
				Instrument29 (2 polys, 6 verts) '08 - Default'
				Instrument30 (2 polys, 6 verts) '08 - Default'
				Instrument31 (2 polys, 6 verts) '08 - Default'
				Instrument32 (2 polys, 6 verts) '08 - Default'
				Instrument33 (2 polys, 6 verts) '08 - Default'
				Instrument34 (2 polys, 6 verts) '08 - Default'
				Instrument35 (2 polys, 6 verts) '08 - Default'
			Box12 (10 polys, 30 verts) '01 - Default'
				Instrument12 (2 polys, 6 verts) '09 - Default'
			Box13 (10 polys, 30 verts) '01 - Default'
				Instrument13 (2 polys, 6 verts) '22 - Default'
			light (134 polys, 402 verts) '01 - Default'
			light01 (134 polys, 402 verts) '01 - Default'
			light02 (134 polys, 402 verts) '01 - Default'
			light03 (134 polys, 402 verts) '01 - Default'
			Box14 (10 polys, 30 verts) '01 - Default'
				Instrument14 (2 polys, 6 verts) '10 - Default'
			Box15 (10 polys, 30 verts) '01 - Default'
				Instrument15 (2 polys, 6 verts) '06 - Default'
			Box16 (10 polys, 30 verts) '01 - Default'
				Instrument16 (2 polys, 6 verts) '06 - Default'
			Box17 (10 polys, 30 verts) '01 - Default'
				Instrument17 (2 polys, 6 verts) '10 - Default'
			Box18 (10 polys, 30 verts) '01 - Default'
				Instrument18 (2 polys, 6 verts) '06 - Default'
			Box19 (10 polys, 30 verts) '01 - Default'
				Instrument19 (2 polys, 6 verts) '12 - Default'
			Box20 (10 polys, 30 verts) '01 - Default'
				Instrument20 (2 polys, 6 verts) '12 - Default'
			Box21 (10 polys, 30 verts) '01 - Default'
				Instrument21 (2 polys, 6 verts) '22 - Default'
			Box22 (10 polys, 30 verts) '01 - Default'
				Instrument22 (2 polys, 6 verts) '12 - Default'
			Cylinder01 (80 polys, 240 verts) '08 - Default'
			Cylinder03 (80 polys, 240 verts) '08 - Default'
			Cylinder04 (28 polys, 84 verts) '08 - Default'
			Cylinder05 (28 polys, 84 verts) '08 - Default'
			Box01 (208 polys, 624 verts) '08 - Default'
			Box23 (208 polys, 624 verts) '08 - Default'
			ADImarker (72 polys, 216 verts) '08 - Default'
			Cylinder09 (56 polys, 168 verts) '21 - Default'
			ADI (550 polys, 1650 verts) '07 - Default'
			Compass (56 polys, 168 verts) '07 - Default'
			MinuteNeedle (20 polys, 60 verts) '09 - Default'
			SecondNeedle (20 polys, 60 verts) '09 - Default'
			HourNeedle (20 polys, 60 verts) '09 - Default'
			needle_turn-slip_ball (52 polys, 156 verts) '08 - Default'
			needle_turn (20 polys, 60 verts) '09 - Default'
			needle_alt_100 (20 polys, 60 verts) '08 - Default'
			AoANeedle (20 polys, 60 verts) '08 - Default'
			needle_speedometer (20 polys, 60 verts) '08 - Default'
			needle_RPM (20 polys, 60 verts) '08 - Default'
			needle_oil_pressure (20 polys, 60 verts) '08 - Default'
			needle_fuel_flow (20 polys, 60 verts) '08 - Default'
			AltNeedle01 (20 polys, 60 verts) '08 - Default'
			AoANeedle01 (20 polys, 60 verts) '08 - Default'
			needle_speedometer01 (20 polys, 60 verts) '08 - Default'
			needle_fuel01 (20 polys, 60 verts) '08 - Default'
			HSI Wheel (96 polys, 288 verts) '10 - Default'
				HSI_CourseArrow (26 polys, 78 verts) '08 - Default'
				HSI_CourseDeviation (12 polys, 36 verts) '08 - Default'
			alt_dig2 (40 polys, 120 verts) '07 - Default'
			alt_dig3 (40 polys, 120 verts) '07 - Default'
			alt_dig1 (40 polys, 120 verts) '07 - Default'
			needle_oil_temp (20 polys, 60 verts) '08 - Default'
			needle_oil_temp01 (20 polys, 60 verts) '08 - Default'
		PedalRR (48 polys, 144 verts) '02 - Default'
		PedalRL (48 polys, 144 verts) '02 - Default'
		PedalLR (48 polys, 144 verts) '02 - Default'
		PedalLL (48 polys, 144 verts) '02 - Default'
		Canopy (1100 polys, 3300 verts) '03 - Default'
			M60targeter (1068 polys, 3204 verts) '18 - Default'
				M60Glass (60 polys, 180 verts) '11 - Default'
				needle_turn-slip_ball01 (52 polys, 156 verts) '08 - Default'
			Cylinder01 (36 polys, 108 verts) '03 - Default'
			Cylinder02 (36 polys, 108 verts) '03 - Default'
			canopy1 (2 polys, 6 verts) '02 - Default'
			PanelCanopy (10 polys, 30 verts) '19 - Default'
				Box01 (208 polys, 624 verts) '08 - Default'
				Box26 (208 polys, 624 verts) '08 - Default'
				Box27 (208 polys, 624 verts) '08 - Default'
				Box28 (208 polys, 624 verts) '08 - Default'
				Box29 (208 polys, 624 verts) '08 - Default'
				Box30 (208 polys, 624 verts) '08 - Default'
				Box31 (208 polys, 624 verts) '08 - Default'
				Box32 (208 polys, 624 verts) '08 - Default'
				Box33 (208 polys, 624 verts) '08 - Default'
				Cylinder01 (80 polys, 240 verts) '08 - Default'
				Cylinder06 (80 polys, 240 verts) '08 - Default'
				Box34 (208 polys, 624 verts) '08 - Default'
				Box35 (208 polys, 624 verts) '08 - Default'
				Box36 (208 polys, 624 verts) '08 - Default'
				Box37 (208 polys, 624 verts) '08 - Default'
				Box38 (208 polys, 624 verts) '08 - Default'
				Box39 (208 polys, 624 verts) '08 - Default'
				Box40 (208 polys, 624 verts) '08 - Default'
				Box41 (208 polys, 624 verts) '08 - Default'
				Box42 (208 polys, 624 verts) '08 - Default'
				Cylinder07 (80 polys, 240 verts) '08 - Default'
				Cylinder08 (80 polys, 240 verts) '08 - Default'
				Box06 (208 polys, 624 verts) '08 - Default'
				Cylinder10 (80 polys, 240 verts) '08 - Default'
				Cylinder11 (80 polys, 240 verts) '08 - Default'
				Cylinder12 (80 polys, 240 verts) '08 - Default'
				Cylinder13 (80 polys, 240 verts) '08 - Default'
				Cylinder14 (80 polys, 240 verts) '08 - Default'
				Cylinder15 (80 polys, 240 verts) '08 - Default'
				Cylinder16 (80 polys, 240 verts) '08 - Default'
				Cylinder17 (80 polys, 240 verts) '08 - Default'
				Cylinder18 (80 polys, 240 verts) '08 - Default'
				Box24 (208 polys, 624 verts) '08 - Default'
				Cylinder19 (80 polys, 240 verts) '08 - Default'
				Box25 (208 polys, 624 verts) '08 - Default'
				Box45 (208 polys, 624 verts) '08 - Default'
				Box46 (208 polys, 624 verts) '08 - Default'
			M134Targeter (1292 polys, 3876 verts) '05 - Default'
				M134Glass (12 polys, 36 verts) '11 - Default'
				Box44 (12 polys, 36 verts) '08 - Default'
				Box43 (12 polys, 36 verts) '05 - Default'
			wiper01 (92 polys, 276 verts) '03 - Default'
			wiper (92 polys, 276 verts) '03 - Default'
			dachfenster (6 polys, 18 verts) '20 - Default'
			dachfenster1 (6 polys, 18 verts) '20 - Default'
			nosewindowr (27 polys, 81 verts) '11 - Default'
			nosewindowl (27 polys, 81 verts) '11 - Default'
			doorfrontwl (24 polys, 72 verts) '23 - Default'
			DoorwindowL (36 polys, 108 verts) '23 - Default'
			windowpasl (12 polys, 36 verts) '23 - Default'
			doorfrontwr (24 polys, 72 verts) '23 - Default'
			Doorwindowr (36 polys, 108 verts) '23 - Default'
			windowpasr (12 polys, 36 verts) '23 - Default'
			Box05 (36 polys, 108 verts) '01 - Default'
			mutter (60 polys, 180 verts) '01 - Default'
			mutter01 (60 polys, 180 verts) '01 - Default'
			mutter02 (60 polys, 180 verts) '01 - Default'
			mutter03 (60 polys, 180 verts) '01 - Default'
			mutter04 (60 polys, 180 verts) '01 - Default'
			mutter05 (60 polys, 180 verts) '01 - Default'
			mutter06 (60 polys, 180 verts) '01 - Default'
			mutter07 (60 polys, 180 verts) '01 - Default'
			mutter08 (60 polys, 180 verts) '01 - Default'
			front Window (72 polys, 216 verts) '23 - Default'
			Frame (200 polys, 600 verts) '03 - Default'
			Frame01 (200 polys, 600 verts) '03 - Default'
		Seat01 (192 polys, 576 verts) '04 - Default'
		Stick (412 polys, 1236 verts) '05 - Default'
		Stick01 (412 polys, 1236 verts) '05 - Default'
		midpannel (28 polys, 84 verts) '13- Default'
		midpannel (28 polys, 84 verts) '14- Default'


Total:    (16148 polys, 48444 verts)
Mesh Max: (1292 polys, 3876 verts)
