	Hull (791 polys, 2373 verts) '12 - Default'
		Mainpanel (122 polys, 366 verts) '11 - Default'
			VSIBox (88 polys, 264 verts) '02 - Default'
				Needlecenter06 (40 polys, 120 verts) '12 - Default'
				Needle_VSI (6 polys, 18 verts) '10 - Default'
			AltBox (88 polys, 264 verts) '02 - Default'
				Needlecenter01 (40 polys, 120 verts) '12 - Default'
				Needle_ALT_100 (6 polys, 18 verts) '10 - Default'
				Needle_ALT_1000 (6 polys, 18 verts) '10 - Default'
			SlipTurnBox (88 polys, 264 verts) '02 - Default'
				SlipBall (2 polys, 6 verts) '10 - Default'
				Needle_Turn (2 polys, 6 verts) '10 - Default'
			RadarAltBox (88 polys, 264 verts) '02 - Default'
				Needlecenter08 (40 polys, 120 verts) '12 - Default'
				Needle_Radar_Alt (6 polys, 18 verts) '10 - Default'
			AirspeedBox (88 polys, 264 verts) '02 - Default'
				Needlecenter09 (40 polys, 120 verts) '12 - Default'
				Needle_Speed (6 polys, 18 verts) '10 - Default'
			GyroBox (88 polys, 264 verts) '05 - Default'
				GyroCompass (288 polys, 864 verts) '05 - Default'
				CourseVSI (2 polys, 6 verts) '10 - Default'
				CourseSideSlip (2 polys, 6 verts) '10 - Default'
			CopilotVSIBox (88 polys, 264 verts) '02 - Default'
				CP_Needle_VSI (6 polys, 18 verts) '10 - Default'
				Needlecenter17 (40 polys, 120 verts) '12 - Default'
			CopilotAltBox (88 polys, 264 verts) '02 - Default'
				CP_Needle_ALT_1000 (6 polys, 18 verts) '10 - Default'
				Needlecenter16 (40 polys, 120 verts) '12 - Default'
				CP_Needle_ALT_100 (6 polys, 18 verts) '10 - Default'
			CopilotTurnBox (88 polys, 264 verts) '02 - Default'
				CP_Needle_Turn (2 polys, 6 verts) '10 - Default'
				CP_SlipBall (2 polys, 6 verts) '10 - Default'
			CopilotAirspeedBox (88 polys, 264 verts) '02 - Default'
				Needlecenter13 (40 polys, 120 verts) '12 - Default'
				CP_Needle_Speed (6 polys, 18 verts) '10 - Default'
			RPMBox (88 polys, 264 verts) '02 - Default'
				Needlecenter03 (40 polys, 120 verts) '12 - Default'
				Needle_RPML (6 polys, 18 verts) '10 - Default'
				Needle_RPMR (6 polys, 18 verts) '10 - Default'
			ManifoldBox (88 polys, 264 verts) '02 - Default'
				Needle_ManifoldL (6 polys, 18 verts) '10 - Default'
				Needle_ManifoldR (6 polys, 18 verts) '10 - Default'
				Needlecenter14 (40 polys, 120 verts) '12 - Default'
			LEngineMultigaugeBox (88 polys, 264 verts) '02 - Default'
				Needle_OilPressL (6 polys, 18 verts) '10 - Default'
				Needle_FuelPressL (6 polys, 18 verts) '10 - Default'
				Needle_OilTempL (6 polys, 18 verts) '10 - Default'
			LEngineMultigaugeBox (88 polys, 264 verts) '02 - Default'
				Needle_FuelPressR (6 polys, 18 verts) '10 - Default'
				Needle_OilPressR (6 polys, 18 verts) '10 - Default'
				Needle_OilTempR (6 polys, 18 verts) '10 - Default'
			CylTempBox (88 polys, 264 verts) '02 - Default'
				Needle_CylTempR (6 polys, 18 verts) '10 - Default'
				Needle_CylTempL (6 polys, 18 verts) '10 - Default'
			CabinTempBox (88 polys, 264 verts) '02 - Default'
				Needle_CabinTempR (6 polys, 18 verts) '10 - Default'
				Needle_CabinTempL (6 polys, 18 verts) '10 - Default'
			??Box (88 polys, 264 verts) '05 - Default'
				Needle_Flaps01 (6 polys, 18 verts) '10 - Default'
			CopilotOilTempBox (88 polys, 264 verts) '05 - Default'
				Needle_CylTempL01 (6 polys, 18 verts) '10 - Default'
				Needle_CylTempR01 (6 polys, 18 verts) '10 - Default'
			CopilotCHTTempBox (88 polys, 264 verts) '05 - Default'
				Needle_CHTL (6 polys, 18 verts) '10 - Default'
				Needle_CHTR (6 polys, 18 verts) '10 - Default'
			ClockBox (88 polys, 264 verts) '02 - Default'
				Needle_Hour (6 polys, 18 verts) '10 - Default'
				Needle_Minute (6 polys, 18 verts) '10 - Default'
				Needle_Second (6 polys, 18 verts) '10 - Default'
				Needlecenter15 (40 polys, 120 verts) '12 - Default'
			ADIBox (168 polys, 504 verts) '01 - Default'
				Drehknopf (68 polys, 204 verts) '12 - Default'
				Box03 (52 polys, 156 verts) '10 - Default'
			CopilotADIBox (168 polys, 504 verts) '01 - Default'
				Drehknopf01 (68 polys, 204 verts) '12 - Default'
				Box04 (52 polys, 156 verts) '10 - Default'
			Box02 (10 polys, 30 verts) '11 - Default'
			CopilotRMIBox (144 polys, 432 verts) '01 - Default'
				CP_CourseArrow (6 polys, 18 verts) '10 - Default'
				CP_RMIWheel (24 polys, 72 verts) '02 - Default'
					CP_BearingMarker (6 polys, 18 verts) '10 - Default'
			HSIBox (10 polys, 30 verts) '01 - Default'
				HSICompass (52 polys, 156 verts) '03 - Default'
					HSICenter (58 polys, 174 verts) '03 - Default'
						CourseDeviation (2 polys, 6 verts) '21 - Default'
					HSI_Pointer (2 polys, 6 verts) '21 - Default'
				Cylinder03 (52 polys, 156 verts) '12 - Default'
				Cylinder04 (52 polys, 156 verts) '12 - Default'
				Flightpath (6 polys, 18 verts) '10 - Default'
			RadioCopmassBox (88 polys, 264 verts) '02 - Default'
				Needlecenter02 (40 polys, 120 verts) '12 - Default'
				CP_Needle_RadioCompass (6 polys, 18 verts) '10 - Default'
			Schraube (2 polys, 6 verts) '09 - Default'
			Schraube01 (2 polys, 6 verts) '09 - Default'
			Schraube02 (2 polys, 6 verts) '09 - Default'
			Schraube03 (2 polys, 6 verts) '09 - Default'
			Schraube04 (2 polys, 6 verts) '09 - Default'
			Schraube05 (2 polys, 6 verts) '09 - Default'
			Schraube06 (2 polys, 6 verts) '09 - Default'
			Schraube07 (2 polys, 6 verts) '09 - Default'
			Schraube08 (2 polys, 6 verts) '09 - Default'
			Schraube13 (2 polys, 6 verts) '09 - Default'
			Schraube14 (2 polys, 6 verts) '09 - Default'
			Schraube15 (2 polys, 6 verts) '09 - Default'
			Schraube16 (2 polys, 6 verts) '09 - Default'
			Schraube17 (2 polys, 6 verts) '09 - Default'
			Schraube18 (2 polys, 6 verts) '09 - Default'
			Schraube19 (2 polys, 6 verts) '09 - Default'
			Schraube20 (2 polys, 6 verts) '09 - Default'
			Schraube21 (2 polys, 6 verts) '09 - Default'
			Schraube22 (2 polys, 6 verts) '09 - Default'
			Schraube23 (2 polys, 6 verts) '09 - Default'
			Schraube24 (2 polys, 6 verts) '09 - Default'
			Schraube25 (2 polys, 6 verts) '09 - Default'
			Schraube26 (2 polys, 6 verts) '09 - Default'
			Schraube27 (2 polys, 6 verts) '09 - Default'
			Schraube32 (2 polys, 6 verts) '09 - Default'
			Schraube33 (2 polys, 6 verts) '09 - Default'
			Schraube34 (2 polys, 6 verts) '09 - Default'
			Schraube35 (2 polys, 6 verts) '09 - Default'
			Schraube36 (2 polys, 6 verts) '09 - Default'
			Schraube37 (2 polys, 6 verts) '09 - Default'
			Schraube38 (2 polys, 6 verts) '09 - Default'
			Schraube39 (2 polys, 6 verts) '09 - Default'
			Schraube40 (2 polys, 6 verts) '09 - Default'
			Schraube41 (2 polys, 6 verts) '09 - Default'
			Schraube42 (2 polys, 6 verts) '09 - Default'
			Schraube43 (2 polys, 6 verts) '09 - Default'
			Schraube44 (2 polys, 6 verts) '09 - Default'
			Schraube45 (2 polys, 6 verts) '09 - Default'
			Schraube46 (2 polys, 6 verts) '09 - Default'
			Schraube47 (2 polys, 6 verts) '09 - Default'
			Schraube48 (2 polys, 6 verts) '09 - Default'
			Schraube49 (2 polys, 6 verts) '09 - Default'
			Schraube50 (2 polys, 6 verts) '09 - Default'
			Schraube51 (2 polys, 6 verts) '09 - Default'
			Schraube52 (2 polys, 6 verts) '09 - Default'
			Schraube53 (2 polys, 6 verts) '09 - Default'
			Schraube54 (2 polys, 6 verts) '09 - Default'
			Schraube55 (2 polys, 6 verts) '09 - Default'
			Schraube56 (2 polys, 6 verts) '09 - Default'
			Schraube57 (2 polys, 6 verts) '09 - Default'
			Schraube58 (2 polys, 6 verts) '09 - Default'
			Schraube59 (2 polys, 6 verts) '09 - Default'
			Schraube60 (2 polys, 6 verts) '09 - Default'
			Schraube61 (2 polys, 6 verts) '09 - Default'
			Schraube62 (2 polys, 6 verts) '09 - Default'
			Schraube63 (2 polys, 6 verts) '09 - Default'
			Schraube64 (2 polys, 6 verts) '09 - Default'
			Schraube65 (2 polys, 6 verts) '09 - Default'
			Schraube66 (2 polys, 6 verts) '09 - Default'
			Schraube67 (2 polys, 6 verts) '09 - Default'
			Schraube68 (2 polys, 6 verts) '09 - Default'
			Schraube69 (2 polys, 6 verts) '09 - Default'
			Schraube70 (2 polys, 6 verts) '09 - Default'
			Schraube71 (2 polys, 6 verts) '09 - Default'
			Schraube72 (2 polys, 6 verts) '09 - Default'
			Schraube73 (2 polys, 6 verts) '09 - Default'
			Schraube74 (2 polys, 6 verts) '09 - Default'
			Schraube75 (2 polys, 6 verts) '09 - Default'
			Schraube76 (2 polys, 6 verts) '09 - Default'
			Schraube77 (2 polys, 6 verts) '09 - Default'
			Schraube78 (2 polys, 6 verts) '09 - Default'
			Schraube79 (2 polys, 6 verts) '09 - Default'
			Schraube80 (2 polys, 6 verts) '09 - Default'
			Schraube81 (2 polys, 6 verts) '09 - Default'
			Schraube82 (2 polys, 6 verts) '09 - Default'
			Schraube83 (2 polys, 6 verts) '09 - Default'
			Schraube84 (2 polys, 6 verts) '09 - Default'
			Schraube85 (2 polys, 6 verts) '09 - Default'
			Schraube86 (2 polys, 6 verts) '09 - Default'
			Schraube87 (2 polys, 6 verts) '09 - Default'
			Schraube88 (2 polys, 6 verts) '09 - Default'
			Schraube89 (2 polys, 6 verts) '09 - Default'
			Schraube90 (2 polys, 6 verts) '09 - Default'
			Schraube91 (2 polys, 6 verts) '09 - Default'
			Schraube92 (2 polys, 6 verts) '09 - Default'
			Schraube93 (2 polys, 6 verts) '09 - Default'
			Schraube94 (2 polys, 6 verts) '09 - Default'
			Schraube95 (2 polys, 6 verts) '09 - Default'
			Schraube96 (2 polys, 6 verts) '09 - Default'
			Schraube97 (2 polys, 6 verts) '09 - Default'
			Schraube98 (2 polys, 6 verts) '09 - Default'
			Schraube99 (2 polys, 6 verts) '09 - Default'
			Schraube100 (2 polys, 6 verts) '09 - Default'
			Schraube101 (2 polys, 6 verts) '09 - Default'
			Schraube102 (2 polys, 6 verts) '09 - Default'
			Schraube103 (2 polys, 6 verts) '09 - Default'
			Schraube104 (2 polys, 6 verts) '09 - Default'
			Schraube106 (2 polys, 6 verts) '09 - Default'
			Schraube107 (2 polys, 6 verts) '09 - Default'
			CopilotGyroBox (88 polys, 264 verts) '05 - Default'
				CP_Gyro (288 polys, 864 verts) '05 - Default'
				CP_CourseSideSlip (2 polys, 6 verts) '10 - Default'
				CourseVSI01 (2 polys, 6 verts) '10 - Default'
			Switch (70 polys, 210 verts) '12 - Default'
			Switch01 (70 polys, 210 verts) '12 - Default'
			Switch02 (70 polys, 210 verts) '12 - Default'
			Switch03 (70 polys, 210 verts) '12 - Default'
			Switch04 (70 polys, 210 verts) '12 - Default'
			Drehknopf (44 polys, 132 verts) '12 - Default'
			Drehknopf01 (44 polys, 132 verts) '12 - Default'
			Drehknopf02 (44 polys, 132 verts) '12 - Default'
			Drehknopf03 (44 polys, 132 verts) '12 - Default'
			Drehknopf04 (44 polys, 132 verts) '12 - Default'
			Drehknopf05 (44 polys, 132 verts) '12 - Default'
			Drehknopf06 (44 polys, 132 verts) '12 - Default'
			Drehknopf07 (44 polys, 132 verts) '12 - Default'
			Sign11 (2 polys, 6 verts) '01 - Default'
			RadarPanel (108 polys, 324 verts) '19 - Default'
				Cylinder07 (408 polys, 1224 verts) '12 - Default'
				RadarTubeCover (60 polys, 180 verts) '19 - Default'
				RadarScreen (68 polys, 204 verts) '20 - Default'
			Schraube115 (2 polys, 6 verts) '09 - Default'
			Schraube116 (2 polys, 6 verts) '09 - Default'
			Schraube117 (2 polys, 6 verts) '09 - Default'
			Schraube118 (2 polys, 6 verts) '09 - Default'
			??Box01 (88 polys, 264 verts) '05 - Default'
				Needle_Flaps02 (6 polys, 18 verts) '10 - Default'
			Box01 (10 polys, 30 verts) '11 - Default'
			Drehknopf08 (44 polys, 132 verts) '12 - Default'
			Drehknopf09 (44 polys, 132 verts) '12 - Default'
			Switch05 (70 polys, 210 verts) '12 - Default'
			Box_RWR (108 polys, 324 verts) '01 - Default'
				RWR (18 polys, 54 verts) '06 - Default'
			Schraube09 (2 polys, 6 verts) '09 - Default'
			Schraube120 (2 polys, 6 verts) '09 - Default'
			Schraube121 (2 polys, 6 verts) '09 - Default'
			Schraube122 (2 polys, 6 verts) '09 - Default'
			BoxFuelL (88 polys, 264 verts) '05 - Default'
				Needle_FuelL (6 polys, 18 verts) '10 - Default'
			Schraube10 (2 polys, 6 verts) '09 - Default'
			Schraube124 (2 polys, 6 verts) '09 - Default'
			Schraube125 (2 polys, 6 verts) '09 - Default'
			Schraube126 (2 polys, 6 verts) '09 - Default'
			BoxFuelR (88 polys, 264 verts) '05 - Default'
				Needle_FuelR (6 polys, 18 verts) '10 - Default'
			GearBox (88 polys, 264 verts) '05 - Default'
				Needle_Flaps (6 polys, 18 verts) '10 - Default'
				GearLights (36 polys, 108 verts) '12 - Default'
			Schraube127 (2 polys, 6 verts) '09 - Default'
			Schraube128 (2 polys, 6 verts) '09 - Default'
			Schraube129 (2 polys, 6 verts) '09 - Default'
			Schraube130 (2 polys, 6 verts) '09 - Default'
		Struts (180 polys, 540 verts) '12 - Default'
			Windshield (32 polys, 96 verts) '16 - Default'
			LSideWindow (62 polys, 186 verts) '12 - Default'
				Bubble (48 polys, 144 verts) '16 - Default'
			LSideWindow01 (62 polys, 186 verts) '12 - Default'
				Bubble01 (48 polys, 144 verts) '16 - Default'
		Carpeting (141 polys, 423 verts) '12 - Default'
		CoPilotseat (158 polys, 474 verts) '12 - Default'
			Body (1302 polys, 3906 verts) '14 - Default'
				Head (724 polys, 2172 verts) '14 - Default'
				RArm (392 polys, 1176 verts) '14 - Default'
				LArm (392 polys, 1176 verts) '14 - Default'
		Pilotseat (158 polys, 474 verts) '12 - Default'
			Legs (424 polys, 1272 verts) '15 - Default'
		Toppanel (154 polys, 462 verts) '11 - Default'
			UpperPanel (10 polys, 30 verts) '18 - Default'
			EnginePanel (36 polys, 108 verts) '18 - Default'
				UpperPanelSelectors (1508 polys, 4524 verts) '12 - Default'
				Circuit Breakers (1404 polys, 4212 verts) '18 - Default'
				UpperPanelSelectors2 (416 polys, 1248 verts) '18 - Default'
				PowerSwitchL (152 polys, 456 verts) '18 - Default'
				PowerSwitchR (152 polys, 456 verts) '18 - Default'
				UpperSwitchR (132 polys, 396 verts) '12 - Default'
				UpperSwitchL (132 polys, 396 verts) '12 - Default'
			Topwindow (48 polys, 144 verts) '17 - Default'
		CP_ADIBall (960 polys, 2880 verts) '07 - Default'
		ADIBall (960 polys, 2880 verts) '07 - Default'
		Alt_dig1 (36 polys, 108 verts) '07 - Default'
		CP_Alt_dig1 (36 polys, 108 verts) '07 - Default'
		Course_dig3 (36 polys, 108 verts) '07 - Default'
		Course_dig2 (36 polys, 108 verts) '07 - Default'
		Course_dig1 (36 polys, 108 verts) '07 - Default'
		Range_dig3 (36 polys, 108 verts) '07 - Default'
		Range_dig2 (36 polys, 108 verts) '07 - Default'
		Range_dig1 (36 polys, 108 verts) '07 - Default'
		PanelCover (308 polys, 924 verts) '12 - Default'
		Box05 (20 polys, 60 verts) '13 - Default'
			Cylinder01 (52 polys, 156 verts) '12 - Default'
			Cylinder02 (52 polys, 156 verts) '12 - Default'
			Cylinder05 (52 polys, 156 verts) '12 - Default'
			Cylinder06 (52 polys, 156 verts) '12 - Default'
			Cylinder08 (52 polys, 156 verts) '12 - Default'
			Drehknopf10 (44 polys, 132 verts) '12 - Default'
			Drehknopf11 (44 polys, 132 verts) '12 - Default'
			Drehknopf12 (44 polys, 132 verts) '12 - Default'
			Drehknopf13 (44 polys, 132 verts) '12 - Default'
			Drehknopf14 (44 polys, 132 verts) '12 - Default'
			Drehknopf15 (44 polys, 132 verts) '12 - Default'
			Drehknopf16 (44 polys, 132 verts) '12 - Default'
			Drehknopf17 (44 polys, 132 verts) '12 - Default'
			Drehknopf18 (44 polys, 132 verts) '12 - Default'
			Drehknopf19 (44 polys, 132 verts) '12 - Default'
			Switch06 (70 polys, 210 verts) '12 - Default'
			Switch07 (70 polys, 210 verts) '12 - Default'
			Switch08 (70 polys, 210 verts) '12 - Default'
			Switch09 (70 polys, 210 verts) '12 - Default'
			Switch10 (70 polys, 210 verts) '12 - Default'
			Drehknopf20 (44 polys, 132 verts) '12 - Default'
			Switch11 (70 polys, 210 verts) '12 - Default'
			Switch12 (70 polys, 210 verts) '12 - Default'
			Drehknopf21 (44 polys, 132 verts) '12 - Default'
			Drehknopf22 (44 polys, 132 verts) '12 - Default'
		Steering (192 polys, 576 verts) '12 - Default'
			SteeringWheel (208 polys, 624 verts) '12 - Default'
		Steering01 (192 polys, 576 verts) '12 - Default'
			SteeringWheel01 (208 polys, 624 verts) '12 - Default'
		EnginePanel01 (42 polys, 126 verts) 'Material #0'
			Probangleswitch01 (112 polys, 336 verts) 'Material #0'
			Probangleswitch02 (112 polys, 336 verts) 'Material #0'
			Throttle (112 polys, 336 verts) 'Material #0'
			Throttle01 (112 polys, 336 verts) 'Material #0'
		TopHatch_L (6 polys, 18 verts) '11 - Default'
			TopHatch_L01 (6 polys, 18 verts) '11 - Default'
		TopHatch_R (6 polys, 18 verts) '11 - Default'
			TopHatch_R01 (6 polys, 18 verts) '11 - Default'
		CanopyLiner (168 polys, 504 verts) '08 - Default'


Num Nodes: 320
Total:    (20964 polys, 62892 verts)
Mesh Max: (1508 polys, 4524 verts)

21 Materials:
 (  1) 12 - Default:
       S-2_Misc1.bmp
 (  2) 11 - Default:
       S-2_Panels1.bmp
 (  3) 02 - Default:
       S-2_Gauges1.bmp
 (  4) 10 - Default:
       Transparency enabled
       USWW_2_Needles.tga
 (  5) 05 - Default:
       S-2_Gauges2.bmp
 (  6) 01 - Default:
       S-2_GaugeBoxes.bmp
 (  7) 03 - Default:
       F-105_HSI.BMP
 (  8) 21 - Default:
       <No Texture>
 (  9) 09 - Default:
       Transparency enabled
       schraube.TGA
 ( 10) 19 - Default:
       F106_Misc.bmp
 ( 11) 20 - Default:
       RadarScreen.bmp
 ( 12) 06 - Default:
       A-4F_RWR.BMP
 ( 13) 16 - Default:
       Transparency enabled
       Cockpitglass.tga
 ( 14) 14 - Default:
       Helopilot.bmp
 ( 15) 15 - Default:
       legs.bmp
 ( 16) 18 - Default:
       S-2_Panels3.bmp
 ( 17) 17 - Default:
       Transparency enabled
       canopy.tga
 ( 18) 07 - Default:
       F-105_ATTITUDE.BMP
 ( 19) 13 - Default:
       S-2_Panels2.bmp
 ( 20) Material #0:
       usbfbpanel.bmp
 ( 21) 08 - Default:
       Carpeting.bmp

20 Textures:
S-2_Misc1.bmp
S-2_Panels1.bmp
S-2_Gauges1.bmp
USWW_2_Needles.tga
S-2_Gauges2.bmp
S-2_GaugeBoxes.bmp
F-105_HSI.BMP
schraube.TGA
F106_Misc.bmp
RadarScreen.bmp
A-4F_RWR.BMP
Cockpitglass.tga
Helopilot.bmp
legs.bmp
S-2_Panels3.bmp
canopy.tga
F-105_ATTITUDE.BMP
S-2_Panels2.bmp
usbfbpanel.bmp
Carpeting.bmp
