	Body (12 polys, 36 verts) 'Standard_5'
		Yaw (192 polys, 576 verts) 'Standard_5'
			Pitch (52 polys, 156 verts) 'Standard_5'
				Object08 (472 polys, 1416 verts) 'Standard_5'
				Object07 (1112 polys, 3336 verts) 'Standard_6'
			Box05 (12 polys, 36 verts) 'Standard_5'
			Box06 (12 polys, 36 verts) 'Standard_5'
			Box04 (12 polys, 36 verts) 'Standard_5'
			Box03 (12 polys, 36 verts) 'Standard_5'
			Cylinder01 (126 polys, 378 verts) 'Standard_5'
			Object02 (90 polys, 270 verts) 'Standard_2'
			Box01 (12 polys, 36 verts) 'Standard_5'
			Box02 (12 polys, 36 verts) 'Standard_5'
		Object01 (48 polys, 144 verts) 'Standard_5'
			Object09 (768 polys, 2304 verts) 'Standard_2'
		Body01 (12 polys, 36 verts) 'Standard_7'


Num Nodes: 16
Total:    (2956 polys, 8868 verts)
Mesh Max: (1112 polys, 3336 verts)

4 Materials:
 (  1) Standard_5:
       Dgreen.bmp
 (  2) Standard_6:
       lifters.bmp
 (  3) Standard_2:
       BloodhoundBlack.bmp
 (  4) Standard_7:
       Base.bmp

4 Textures:
Dgreen.bmp
lifters.bmp
BloodhoundBlack.bmp
Base.bmp
