	Chasis [2876 polys, 3289 verts] 'Material #163'
		Objekt01 [152 polys, 164 verts] 'Material #149'
		Staff [424 polys, 529 verts] '02 - Standard'
		Radar [114 polys, 160 verts] '02 - Standard'
		Quader37 [952 polys, 1224 verts] '03 - Standard'
		Quader10 [24 polys, 24 verts] '07 - Standard'
		Quader09 [24 polys, 24 verts] '07 - Standard'
		Quader08 [48 polys, 96 verts] 'Material #163'
		Quader07 [952 polys, 1224 verts] '03 - Standard'
		Quader06 [952 polys, 1224 verts] '03 - Standard'
		Quader05 [952 polys, 1224 verts] '03 - Standard'
		Quader04 [952 polys, 1224 verts] '03 - Standard'
		Quader03 [24 polys, 24 verts] '07 - Standard'
		Quader02 [24 polys, 24 verts] '07 - Standard'
		Quader01 [48 polys, 96 verts] 'Material #163'
		Launcher [42 polys, 54 verts] '02 - Standard'
			Tubes [72 polys, 144 verts] '02 - Standard'
				Quader15 [240 polys, 480 verts] '02 - Standard'
		Objekt03 [152 polys, 164 verts] 'Material #149'
		Objekt02 [152 polys, 164 verts] 'Material #149'
		Wheels [960 polys, 1771 verts] 'Material #163'
		Object01 [960 polys, 1738 verts] 'Material #163'
		Object02 [960 polys, 1738 verts] 'Material #163'
		Object03 [960 polys, 1738 verts] 'Material #163'
		Object04 [960 polys, 1738 verts] 'Material #163'
		Object05 [960 polys, 1738 verts] 'Material #163'
		Object06 [960 polys, 1738 verts] 'Material #163'
		Object07 [960 polys, 1738 verts] 'Material #163'
		Object08 [960 polys, 1738 verts] 'Material #163'
		Object09 [960 polys, 1796 verts] 'Material #163'
		Object10 [960 polys, 1825 verts] 'Material #163'
		Object11 [960 polys, 1815 verts] 'Material #163'
		Object12 [960 polys, 1805 verts] 'Material #163'
		Object13 [960 polys, 1807 verts] 'Material #163'
		Object14 [960 polys, 1799 verts] 'Material #163'
		Object15 [960 polys, 1809 verts] 'Material #163'
		Object16 [960 polys, 1801 verts] 'Material #163'
		Object17 [960 polys, 1798 verts] 'Material #163'
		Object18 [960 polys, 1784 verts] 'Material #163'
		Object19 [960 polys, 1786 verts] 'Material #163'
		Object20 [960 polys, 1795 verts] 'Material #163'
		Object21 [960 polys, 1782 verts] 'Material #163'
		Object22 [960 polys, 1780 verts] 'Material #163'
		Object23 [960 polys, 1777 verts] 'Material #163'
		Object24 [1580 polys, 1638 verts] 'Material #163'
		Object25 [1932 polys, 2083 verts] 'Material #163'
		Object26 [1797 polys, 2758 verts] 'Material #163'
		Object27 [2741 polys, 4154 verts] 'Material #163'
		Object28 [3093 polys, 4618 verts] 'Material #163'


Num Nodes: 49
Total:    (43359 polys, 69441 verts)
Mesh Max: (3093 polys, 4618 verts)

5 Materials:
 (  1) Material #163:
       RolandRad.bmp
 (  2) Material #149:
       Transparency enabled
       Glas.tga
 (  3) 02 - Standard:
       patparts.bmp
 (  4) 03 - Standard:
       Sandbag.bmp
 (  5) 07 - Standard:
       Transparency enabled
       camonet.TGA

5 Textures:
RolandRad.bmp
Glas.tga
patparts.bmp
Sandbag.bmp
camonet.TGA

Points

Extents
