	Proa (250 polys, 750 verts) '01 - Default'
		Techo (372 polys, 1116 verts) '02 - Default'
			Panel_Sup (12 polys, 36 verts) '15 - Default'
				Box02 (12 polys, 36 verts) '15 - Default'
				Box03 (12 polys, 36 verts) '15 - Default'
				Box04 (12 polys, 36 verts) '15 - Default'
				Box05 (12 polys, 36 verts) '15 - Default'
				Box06 (12 polys, 36 verts) '15 - Default'
				Acelerador_01 (27 polys, 81 verts) '05 - Default'
					Manija_Acelerador_01 (27 polys, 81 verts) '15 - Default'
				Mezcla 02 (29 polys, 87 verts) '05 - Default'
					Manija_Mezcla_02 (27 polys, 81 verts) '07 - Default'
				MEzcla 03 (56 polys, 168 verts) '05 - Default'
				Mezcla 04 (56 polys, 168 verts) '05 - Default'
				Acelerador_03 (27 polys, 81 verts) '05 - Default'
					Manija_Acelerador_03 (27 polys, 81 verts) '15 - Default'
				Acelerador_04 (27 polys, 81 verts) '15 - Default'
					Manija_Acelerador_04 (29 polys, 87 verts) '15 - Default'
				Mezcla 01 (23 polys, 69 verts) '05 - Default'
					Manija_Mezcla_01 (29 polys, 87 verts) '07 - Default'
				Acelerador_02 (32 polys, 96 verts) '05 - Default'
					Manija_Acelerador_02 (24 polys, 72 verts) '15 - Default'
			Cylinder211 (216 polys, 648 verts) '06 - Default'
			Cylinder01 (216 polys, 648 verts) '06 - Default'
			Cylinder212 (216 polys, 648 verts) '06 - Default'
			Cylinder213 (216 polys, 648 verts) '06 - Default'
			Cylinder18 (90 polys, 270 verts) '06 - Default'
			Parante_Central (12 polys, 36 verts) '02 - Default'
				Compas_01 (12 polys, 36 verts) '09 - Instrumentos_01'
					Cilindro_Compas_01 (48 polys, 144 verts) '21 - Default'
			Marco_Der (192 polys, 576 verts) '06 - Default'
			Marco_Izq (192 polys, 576 verts) '06 - Default'
		Columna_Mando_Copiloto (248 polys, 744 verts) '15 - Default'
			Mando_Copiloto (3768 polys, 11304 verts) '02 - Default'
				Box27 (28 polys, 84 verts) '03 - Agujas'
				Cylinder328 (216 polys, 648 verts) '03 - Agujas'
		Columna_Mando_Piloto (248 polys, 744 verts) '15 - Default'
			Mando_Piloto (3768 polys, 11304 verts) '02 - Default'
				Box26 (28 polys, 84 verts) '03 - Agujas'
				Cylinder329 (72 polys, 216 verts) '03 - Agujas'
			Box01 (12 polys, 36 verts) '10 - Paneles'
			Box07 (12 polys, 36 verts) '03 - Agujas'
			Box08 (12 polys, 36 verts) '03 - Agujas'
			Box09 (12 polys, 36 verts) '03 - Agujas'
			Box10 (12 polys, 36 verts) '02 - Default'
		Panel_Izq (20 polys, 60 verts) '15 - Default'
			Perilla_17 (36 polys, 108 verts) '02 - Default'
			Cylinder75 (24 polys, 72 verts) '03 - Agujas'
			Cylinder76 (24 polys, 72 verts) '03 - Agujas'
			Cylinder77 (24 polys, 72 verts) '03 - Agujas'
			Cylinder78 (24 polys, 72 verts) '03 - Agujas'
			Cylinder79 (24 polys, 72 verts) '03 - Agujas'
			Cylinder80 (24 polys, 72 verts) '03 - Agujas'
			Cylinder81 (24 polys, 72 verts) '03 - Agujas'
			Cylinder82 (24 polys, 72 verts) '03 - Agujas'
			Cylinder83 (24 polys, 72 verts) '03 - Agujas'
			Cylinder84 (24 polys, 72 verts) '03 - Agujas'
			Cylinder86 (24 polys, 72 verts) '03 - Agujas'
			Cylinder87 (24 polys, 72 verts) '03 - Agujas'
			Cylinder88 (24 polys, 72 verts) '03 - Agujas'
			Cylinder89 (24 polys, 72 verts) '03 - Agujas'
			Cylinder90 (24 polys, 72 verts) '03 - Agujas'
			Cylinder154 (24 polys, 72 verts) '02 - Default'
			Cylinder157 (24 polys, 72 verts) '03 - Agujas'
			Cylinder158 (24 polys, 72 verts) '03 - Agujas'
			Cylinder159 (24 polys, 72 verts) '03 - Agujas'
			Cylinder160 (24 polys, 72 verts) '03 - Agujas'
			Cylinder161 (24 polys, 72 verts) '03 - Agujas'
			Box16 (12 polys, 36 verts) '15 - Default'
			Perilla_18 (36 polys, 108 verts) '02 - Default'
			Perilla_19 (36 polys, 108 verts) '02 - Default'
			Perilla_20 (36 polys, 108 verts) '02 - Default'
			Perilla_21 (36 polys, 108 verts) '02 - Default'
			Perilla_22 (36 polys, 108 verts) '02 - Default'
			Cylinder259 (24 polys, 72 verts) '02 - Default'
			Cylinder260 (24 polys, 72 verts) '02 - Default'
			Cylinder261 (24 polys, 72 verts) '02 - Default'
			Cylinder262 (24 polys, 72 verts) '02 - Default'
			Cylinder263 (24 polys, 72 verts) '02 - Default'
			Cylinder264 (24 polys, 72 verts) '02 - Default'
			Cylinder265 (24 polys, 72 verts) '02 - Default'
			Box20 (12 polys, 36 verts) '15 - Default'
			Cylinder266 (24 polys, 72 verts) '03 - Agujas'
			Cylinder267 (24 polys, 72 verts) '03 - Agujas'
			Cylinder268 (24 polys, 72 verts) '03 - Agujas'
			Cylinder269 (24 polys, 72 verts) '03 - Agujas'
			Cylinder270 (24 polys, 72 verts) '03 - Agujas'
			Cylinder271 (24 polys, 72 verts) '03 - Agujas'
			Cylinder272 (24 polys, 72 verts) '03 - Agujas'
			Cylinder273 (24 polys, 72 verts) '03 - Agujas'
			Cylinder274 (24 polys, 72 verts) '03 - Agujas'
			Cylinder275 (24 polys, 72 verts) '03 - Agujas'
			Cylinder276 (24 polys, 72 verts) '03 - Agujas'
			Cylinder277 (24 polys, 72 verts) '03 - Agujas'
			Cylinder278 (24 polys, 72 verts) '03 - Agujas'
			Cylinder279 (24 polys, 72 verts) '03 - Agujas'
			Cylinder280 (24 polys, 72 verts) '03 - Agujas'
			Cylinder281 (24 polys, 72 verts) '02 - Default'
			Cylinder282 (24 polys, 72 verts) '03 - Agujas'
			Cylinder283 (24 polys, 72 verts) '03 - Agujas'
			Cylinder284 (24 polys, 72 verts) '03 - Agujas'
			Cylinder285 (24 polys, 72 verts) '03 - Agujas'
			Cylinder286 (24 polys, 72 verts) '03 - Agujas'
			Cylinder287 (24 polys, 72 verts) '02 - Default'
			Cylinder288 (24 polys, 72 verts) '02 - Default'
			Cylinder289 (24 polys, 72 verts) '02 - Default'
			Cylinder290 (24 polys, 72 verts) '02 - Default'
			Cylinder291 (24 polys, 72 verts) '02 - Default'
			Cylinder292 (24 polys, 72 verts) '02 - Default'
			Cylinder293 (24 polys, 72 verts) '02 - Default'
			Perilla_23 (36 polys, 108 verts) '02 - Default'
			Perilla_24 (36 polys, 108 verts) '02 - Default'
			Perilla_25 (36 polys, 108 verts) '02 - Default'
			Perilla_26 (36 polys, 108 verts) '02 - Default'
			Perilla_27 (36 polys, 108 verts) '02 - Default'
			Perilla_28 (36 polys, 108 verts) '02 - Default'
		Panel_Der (20 polys, 60 verts) '15 - Default'
			Joystick (40 polys, 120 verts) '02 - Default'
		Pedal_Izq_Piloto (124 polys, 372 verts) '15 - Default'
			Soporte_Pedal_01 (12 polys, 36 verts) '01 - Default'
			Soporte_Pedal_02 (12 polys, 36 verts) '01 - Default'
		Panel_Central (22 polys, 66 verts) '15 - Default'
			Cylinder41 (24 polys, 72 verts) '02 - Default'
			Cylinder42 (24 polys, 72 verts) '02 - Default'
			Cylinder43 (24 polys, 72 verts) '02 - Default'
			Cylinder44 (24 polys, 72 verts) '02 - Default'
			Cylinder45 (24 polys, 72 verts) '02 - Default'
			Cylinder46 (24 polys, 72 verts) '02 - Default'
			Cylinder47 (24 polys, 72 verts) '02 - Default'
			Perilla_Fina_01 (24 polys, 72 verts) '02 - Default'
			Cylinder63 (156 polys, 468 verts) '02 - Default'
			Cylinder64 (144 polys, 432 verts) '02 - Default'
			Cylinder65 (36 polys, 108 verts) '02 - Default'
			Cylinder66 (36 polys, 108 verts) '02 - Default'
			Cylinder67 (24 polys, 72 verts) '02 - Default'
			Cylinder68 (72 polys, 216 verts) '02 - Default'
			Cylinder69 (24 polys, 72 verts) '02 - Default'
			Cylinder70 (24 polys, 72 verts) '02 - Default'
			Actuador_Tren (18 polys, 54 verts) '05 - Default'
				Manija_Actuador_Tren (168 polys, 504 verts) '07 - Default'
			Cylinder110 (36 polys, 108 verts) '02 - Default'
			Cylinder111 (36 polys, 108 verts) '02 - Default'
			Cylinder115 (24 polys, 72 verts) '02 - Default'
			Cylinder116 (24 polys, 72 verts) '02 - Default'
			Cylinder117 (24 polys, 72 verts) '02 - Default'
			Cylinder118 (24 polys, 72 verts) '02 - Default'
			Cylinder119 (24 polys, 72 verts) '02 - Default'
			Cylinder120 (24 polys, 72 verts) '02 - Default'
			Cylinder121 (24 polys, 72 verts) '02 - Default'
			Cylinder122 (24 polys, 72 verts) '02 - Default'
			Cylinder123 (24 polys, 72 verts) '02 - Default'
			Cylinder124 (24 polys, 72 verts) '02 - Default'
			Cylinder125 (24 polys, 72 verts) '02 - Default'
			Actuador_01 (27 polys, 81 verts) '05 - Default'
				Sphere01 (48 polys, 144 verts) '08 - Default'
			Cylinder139 (36 polys, 108 verts) '02 - Default'
			Cylinder140 (36 polys, 108 verts) '02 - Default'
			Cylinder189 (72 polys, 216 verts) '02 - Default'
			Cylinder190 (24 polys, 72 verts) '02 - Default'
			Panel_01 (12 polys, 36 verts) '10 - Paneles'
			Box13 (12 polys, 36 verts) '10 - Paneles'
			Box14 (12 polys, 36 verts) '10 - Paneles'
				Luz_Fuego_Helice_Izq01 (36 polys, 108 verts) '02 - Default'
					Capsule03 (306 polys, 918 verts) '07 - Default'
				Luz_Fuego_Helice_Izq02 (36 polys, 108 verts) '02 - Default'
				Capsule04 (306 polys, 918 verts) '07 - Default'
			Perilla_07 (84 polys, 252 verts) '10 - Paneles'
			Perilla_Chica_07 (36 polys, 108 verts) '10 - Paneles'
			Perilla_Fina_02 (24 polys, 72 verts) '02 - Default'
			Perilla_Fina_03 (24 polys, 72 verts) '02 - Default'
			Perilla_Fina_04 (24 polys, 72 verts) '02 - Default'
			Perilla_Fina_05 (24 polys, 72 verts) '02 - Default'
			Perilla_Fina_06 (24 polys, 72 verts) '02 - Default'
			Perilla_Fina_07 (24 polys, 72 verts) '02 - Default'
			Perilla_Fina_08 (24 polys, 72 verts) '02 - Default'
			Perilla_Fina_09 (24 polys, 72 verts) '02 - Default'
			Box21 (12 polys, 36 verts) '10 - Paneles'
			Box22 (12 polys, 36 verts) '10 - Paneles'
			Perilla_29 (84 polys, 252 verts) '10 - Paneles'
			Perilla_30 (84 polys, 252 verts) '10 - Paneles'
			Perilla_31 (84 polys, 252 verts) '10 - Paneles'
			Perilla_32 (84 polys, 252 verts) '10 - Paneles'
			Perilla_33 (84 polys, 252 verts) '10 - Paneles'
			Perilla_34 (84 polys, 252 verts) '10 - Paneles'
			Perilla_35 (84 polys, 252 verts) '10 - Paneles'
			Perilla_Chica_17 (36 polys, 108 verts) '10 - Paneles'
			Perilla_Chica_18 (36 polys, 108 verts) '10 - Paneles'
			Perilla_Chica_19 (36 polys, 108 verts) '10 - Paneles'
			Perilla_Chica_20 (36 polys, 108 verts) '10 - Paneles'
			Perilla_Chica_21 (36 polys, 108 verts) '10 - Paneles'
			Perilla_Chica_22 (36 polys, 108 verts) '10 - Paneles'
			Perilla_Chica_23 (36 polys, 108 verts) '10 - Paneles'
			Perilla_36 (84 polys, 252 verts) '10 - Paneles'
			Perilla_37 (84 polys, 252 verts) '10 - Paneles'
			Perilla_38 (84 polys, 252 verts) '10 - Paneles'
			Perilla_39 (84 polys, 252 verts) '10 - Paneles'
			Perilla_40 (84 polys, 252 verts) '10 - Paneles'
			Perilla_41 (84 polys, 252 verts) '10 - Paneles'
			Perilla_42 (84 polys, 252 verts) '10 - Paneles'
			Perilla_43 (84 polys, 252 verts) '10 - Paneles'
			Perilla_Chica_24 (36 polys, 108 verts) '10 - Paneles'
			Perilla_Chica_25 (36 polys, 108 verts) '10 - Paneles'
			Perilla_Chica_26 (36 polys, 108 verts) '10 - Paneles'
			Perilla_Chica_27 (36 polys, 108 verts) '10 - Paneles'
			Perilla_Chica_28 (36 polys, 108 verts) '10 - Paneles'
			Perilla_Chica_29 (36 polys, 108 verts) '10 - Paneles'
			Perilla_Chica_30 (36 polys, 108 verts) '10 - Paneles'
			Perilla_Chica_31 (36 polys, 108 verts) '10 - Paneles'
			Cylinder301 (144 polys, 432 verts) '02 - Default'
		Piso (2 polys, 6 verts) '19 - Default'
		Pitot (204 polys, 612 verts) '01 - Default'
		Carlinga (206 polys, 618 verts) '04 - Default'
		Asiento_Piloto (50 polys, 150 verts) '01 - Default'
			Cubierta_Asiento_Piloto (26 polys, 78 verts) '08 - Default'
		Asiento_Copiloto (50 polys, 150 verts) '01 - Default'
			Cubierta_Asiento_Copiiloto (26 polys, 78 verts) '08 - Default'
		Panel_Principal (36 polys, 108 verts) '15 - Default'
			Panel_Auxiliar_Izq (32 polys, 96 verts) '10 - Paneles'
				Brujula_03 (60 polys, 180 verts) '09 - Instrumentos_01'
					Avion_Brujula_03 (41 polys, 123 verts) '03 - Agujas'
						Plane01 (2 polys, 6 verts) '03 - Agujas'
					Disco_Chico_Brujula_03 (48 polys, 144 verts) '13 - Instrumentos_02'
					Disco_Grande_Brujula_03 (72 polys, 216 verts) '13 - Instrumentos_02'
					Semitapa_Brujula_03 (36 polys, 108 verts) '02 - Default'
				Velocimetro_01 (60 polys, 180 verts) '09 - Instrumentos_01'
					Aguja_Velocimetro_01 (8 polys, 24 verts) 'Material #10'
						Eje_Aguja_Velocimetro_01 (24 polys, 72 verts) '02 - Default'
				Variometro_01 (60 polys, 180 verts) '09 - Instrumentos_01'
					Aguja_Variometro_01 (8 polys, 24 verts) 'Material #32'
						Eje_Aguja_Variometro_01 (24 polys, 72 verts) '02 - Default'
				Altimetro_01 (60 polys, 180 verts) '09 - Instrumentos_01'
					Aguja_Altimetro_01_100 (8 polys, 24 verts) '03 - Agujas'
						Eje_Aguja_100_Altimetro_01 (24 polys, 72 verts) '02 - Default'
					Aguja_Altimetro_01_1000 (8 polys, 24 verts) 'Material #21'
					alt_dig2 (36 polys, 108 verts) '14 - Default'
					alt_dig1 (36 polys, 108 verts) '14 - Default'
				Indicador_Alabeo_01 (12 polys, 36 verts) '09 - Instrumentos_01'
					Aguja_Indicador_Alabeo_01 (28 polys, 84 verts) 'Material #32'
						Eje_Indicador_Alabeo_01 (24 polys, 72 verts) '02 - Default'
					Burbuja_Indicador_Alabeo_01 (104 polys, 312 verts) '04 - Default'
					Burbuja_Derrape_01 (48 polys, 144 verts) '03 - Agujas'
					Perilla_Indicador_Alabeo_01_Izq (24 polys, 72 verts) '05 - Default'
					Perilla_Indicador_Alabeo_01_Der (24 polys, 72 verts) '05 - Default'
				Horizonte_01 (144 polys, 432 verts) '09 - Instrumentos_01'
					Bola_Horizonte_01 (288 polys, 864 verts) '14 - Default'
					Cylinder163 (24 polys, 72 verts) '05 - Default'
			Marco_Carta_Navegacion (32 polys, 96 verts) '10 - Paneles'
			RPM_01 (60 polys, 180 verts) '09 - Instrumentos_01'
				Aguja_RPM_01 (8 polys, 24 verts) 'Material #32'
				Eje_Aguja_RPM_01 (24 polys, 72 verts) '02 - Default'
			Temp_Exhaust_Motor04 (60 polys, 180 verts) '13 - Instrumentos_02'
				Aguja_Temp_Exhaust_Motor04 (8 polys, 24 verts) 'Material #32'
					Eje_Aguja_Temp_Exhaust_Motor04 (24 polys, 72 verts) '02 - Default'
			Brujula_02 (60 polys, 180 verts) '09 - Instrumentos_01'
				Aguja_Brujula_Curso_02 (42 polys, 126 verts) '03 - Agujas'
				Aguja_Brujula_Rumbo_02 (12 polys, 36 verts) '03 - Agujas'
					Eje_Aguja_Brujula_02 (24 polys, 72 verts) '02 - Default'
			Radioaltimetro_01 (60 polys, 180 verts) '09 - Instrumentos_01'
				Perilla_Radioaltimetro_01_Der (24 polys, 72 verts) '05 - Default'
				Perilla_Radioaltimetro_01_Izq (24 polys, 72 verts) '05 - Default'
				Aguja_Radioaltimetro_01 (8 polys, 24 verts) 'Material #10'
					Eje_Aguja_Radioaltimetro_01 (24 polys, 72 verts) '02 - Default'
			Brujula_01 (60 polys, 180 verts) '13 - Instrumentos_02'
				Aguja_Brujula_01 (14 polys, 42 verts) '03 - Agujas'
					Eje_Aguja_Brujula_01 (24 polys, 72 verts) '02 - Default'
			Amperimetro_01 (60 polys, 180 verts) '09 - Instrumentos_01'
				Aguja_AMP_01 (8 polys, 24 verts) 'Material #32'
			Voltimetro_01 (60 polys, 180 verts) '09 - Instrumentos_01'
				Aguja_VOLT_01 (8 polys, 24 verts) 'Material #32'
			Fuel_Flow_01 (60 polys, 180 verts) '09 - Instrumentos_01'
				Aguja_Fuel_Flow_01 (8 polys, 24 verts) 'Material #32'
					Eje_Aguja_Fuel_Flow_01 (24 polys, 72 verts) '02 - Default'
			Ins_22 (60 polys, 180 verts) '09 - Instrumentos_01'
			Ins_23 (60 polys, 180 verts) '09 - Instrumentos_01'
			Reloj_02 (60 polys, 180 verts) '09 - Instrumentos_01'
				Aguja_Reloj_01_Hora02 (12 polys, 36 verts) '03 - Agujas'
				Eje_Aguja_Reloj_02 (24 polys, 72 verts) '02 - Default'
				Aguja_Reloj_01_Minuto02 (12 polys, 36 verts) '03 - Agujas'
				Aguja_Reloj_01_Segundo02 (12 polys, 36 verts) '03 - Agujas'
				Perilla_Reloj_02 (24 polys, 72 verts) '05 - Default'
			Temp_Exhaust_Motor01 (60 polys, 180 verts) '13 - Instrumentos_02'
				Aguja_Temp_Exhaust_Motor01 (8 polys, 24 verts) 'Material #32'
					Eje_Aguja_Temp_Exhaust_Motor01 (24 polys, 72 verts) '02 - Default'
			Indicador_Flap_02 (60 polys, 180 verts) '09 - Instrumentos_01'
				Aguja_Flap_02 (8 polys, 24 verts) 'Material #32'
					Eje_Aguja_Flap_02 (24 polys, 72 verts) '02 - Default'
			Reloj_01 (60 polys, 180 verts) '09 - Instrumentos_01'
				Aguja_Reloj_01_Hora (12 polys, 36 verts) '03 - Agujas'
					Eje_Aguja_Reloj_01 (24 polys, 72 verts) '02 - Default'
				Aguja_Reloj_01_Minuto (12 polys, 36 verts) '03 - Agujas'
				Aguja_Reloj_01_Segundo (12 polys, 36 verts) '03 - Agujas'
				Perilla_Reloj_01 (24 polys, 72 verts) '05 - Default'
			Torque_Izq_01 (72 polys, 216 verts) '13 - Instrumentos_02'
				Aguja_Torque_Izq_01 (12 polys, 36 verts) '03 - Agujas'
					Eje_Aguja_Torque_Izq_01 (24 polys, 72 verts) '02 - Default'
			Torque_Der_01 (72 polys, 216 verts) '13 - Instrumentos_02'
				Aguja_Torque_Der_01 (12 polys, 36 verts) '03 - Agujas'
					Eje_Aguja_Torque_Der_01 (24 polys, 72 verts) '02 - Default'
				Aguja_Torque_Der_02 (12 polys, 36 verts) '03 - Agujas'
					Eje_Aguja_Torque_Der_02 (24 polys, 72 verts) '02 - Default'
			Cylinder04 (72 polys, 216 verts) '13 - Instrumentos_02'
				Aguja_TRIM_Timon (12 polys, 36 verts) '03 - Agujas'
					Eje_Aguja_TRIM_Timon (24 polys, 72 verts) '02 - Default'
			Temp_Exhaust_Motor02 (72 polys, 216 verts) '13 - Instrumentos_02'
				Aguja_Temp_Inlet_Turbo_Der (12 polys, 36 verts) '03 - Agujas'
					Eje_Aguja_Temp_Inlet_Motor02 (24 polys, 72 verts) '03 - Agujas'
			Temp_Exhaust_Motor02 (72 polys, 216 verts) '13 - Instrumentos_02'
				Aguja_Temp_Inlet_Motor02 (12 polys, 36 verts) '03 - Agujas'
					Eje_Aguja_Temp_Inlet_Motor02 (24 polys, 72 verts) '03 - Agujas'
			Cylinder09 (72 polys, 216 verts) '13 - Instrumentos_02'
			Cylinder10 (72 polys, 216 verts) '13 - Instrumentos_02'
			Torque_Izq_02 (72 polys, 216 verts) '13 - Instrumentos_02'
				Aguja_Torque_Izq_02 (12 polys, 36 verts) '03 - Agujas'
					Eje_Aguja_Torque_Izq_02 (24 polys, 72 verts) '02 - Default'
			Ins_32 (12 polys, 36 verts) '02 - Default'
			Mamparo (50 polys, 150 verts) '02 - Default'
				Mamparo_Trasero (13 polys, 39 verts) '02 - Default'
			Marco_Carta_Navegacion01 (32 polys, 96 verts) '03 - Agujas'
				Plancheta (72 polys, 216 verts) '12 - Default'
			Estereo 02 (12 polys, 36 verts) '15 - Default'
				Cylinder96 (36 polys, 108 verts) '02 - Default'
				Cylinder97 (36 polys, 108 verts) '03 - Agujas'
				Cylinder98 (36 polys, 108 verts) '03 - Agujas'
				Cylinder99 (36 polys, 108 verts) '02 - Default'
			Estereo 01 (12 polys, 36 verts) '15 - Default'
				Cylinder48 (36 polys, 108 verts) '03 - Agujas'
				Cylinder91 (36 polys, 108 verts) '03 - Agujas'
				Cylinder92 (36 polys, 108 verts) '03 - Agujas'
				Cylinder93 (36 polys, 108 verts) '03 - Agujas'
				Cylinder94 (36 polys, 108 verts) '03 - Agujas'
				Cylinder95 (36 polys, 108 verts) '03 - Agujas'
			Estereo 03 (12 polys, 36 verts) '15 - Default'
				Cylinder100 (36 polys, 108 verts) '02 - Default'
				Cylinder101 (36 polys, 108 verts) '02 - Default'
				Cylinder102 (36 polys, 108 verts) '02 - Default'
				Cylinder103 (36 polys, 108 verts) '02 - Default'
			Cylinder162 (24 polys, 72 verts) '02 - Default'
			Indicador_Flap_01 (60 polys, 180 verts) '09 - Instrumentos_01'
				Aguja_Flap_01 (8 polys, 24 verts) 'Material #32'
					Eje_Aguja_Flap_01 (24 polys, 72 verts) '02 - Default'
			Cylinder175 (36 polys, 108 verts) '02 - Default'
			Luz_Fuego_Jet_Izq (36 polys, 108 verts) '07 - Default'
			Luz_Fuego_Jet_Der (36 polys, 108 verts) '07 - Default'
			Cylinder180 (108 polys, 324 verts) '08 - Default'
			Cylinder181 (108 polys, 324 verts) '08 - Default'
			Cylinder182 (108 polys, 324 verts) '07 - Default'
			Cylinder183 (108 polys, 324 verts) '07 - Default'
			Cylinder184 (72 polys, 216 verts) '02 - Default'
			Cylinder186 (108 polys, 324 verts) '02 - Default'
			Cylinder187 (108 polys, 324 verts) '02 - Default'
			Cylinder188 (108 polys, 324 verts) '07 - Default'
			Cylinder193 (36 polys, 108 verts) '02 - Default'
			Cylinder194 (72 polys, 216 verts) '02 - Default'
			Cylinder195 (72 polys, 216 verts) '02 - Default'
			Perilla_Plancheta_01 (36 polys, 108 verts) '10 - Paneles'
			Perilla_Plancheta_02 (36 polys, 108 verts) '10 - Paneles'
			Perilla_Plancheta_01 (24 polys, 72 verts) '05 - Default'
			Cylinder201 (32 polys, 96 verts) '03 - Agujas'
			RPM_02 (60 polys, 180 verts) '09 - Instrumentos_01'
				Aguja_RPM_02 (8 polys, 24 verts) 'Material #32'
				Eje_Aguja_RPM_02 (24 polys, 72 verts) '02 - Default'
			Panel_Auxiliar_Der (32 polys, 96 verts) '10 - Paneles'
				Velocimetro_02 (60 polys, 180 verts) '09 - Instrumentos_01'
					Aguja_Velocimetro_02 (8 polys, 24 verts) 'Material #43'
						Eje_Aguja_Velocimetro_02 (24 polys, 72 verts) '02 - Default'
				Brujula_04 (60 polys, 180 verts) '09 - Instrumentos_01'
				Variometro_02 (60 polys, 180 verts) '09 - Instrumentos_01'
					Aguja_Variometro_02 (8 polys, 24 verts) 'Material #54'
						Eje_Aguja_Variometro_02 (24 polys, 72 verts) '02 - Default'
				Indicador_Alabeo_02 (12 polys, 36 verts) '09 - Instrumentos_01'
					Aguja_Indicador_Alabeo_02 (28 polys, 84 verts) 'Material #32'
						Eje_Indicado_Alabeo_02 (24 polys, 72 verts) '02 - Default'
					Burbuja_Derrape_02 (48 polys, 144 verts) '03 - Agujas'
					Burbuja_Indicador_Alabeo_02 (104 polys, 312 verts) '04 - Default'
					Perilla_Palito_Bolita_02_Izq (24 polys, 72 verts) '05 - Default'
					Perilla_Palito_Bolita_02_Der (24 polys, 72 verts) '05 - Default'
				Altimetro_02 (60 polys, 180 verts) '09 - Instrumentos_01'
					Aguja_Altimetro_02_100 (8 polys, 24 verts) '03 - Agujas'
					Eje_Aguja_100_Altimetro_02 (24 polys, 72 verts) '02 - Default'
					Aguja_Altimetro_02_1000 (8 polys, 24 verts) 'Material #65'
				Horizonte_02	 (144 polys, 432 verts) '09 - Instrumentos_01'
					Bola_Horizonte_02	 (288 polys, 864 verts) '14 - Default'
					Cylinder258 (24 polys, 72 verts) '05 - Default'
			Cylinder253 (72 polys, 216 verts) '13 - Instrumentos_02'
				Aguja_TRIM_Aleron (12 polys, 36 verts) '03 - Agujas'
					Eje_Aguja_TRIM_Timon01 (24 polys, 72 verts) '02 - Default'
			Cylinder254 (72 polys, 216 verts) '13 - Instrumentos_02'
				Aguja_TRIM_Elevador (12 polys, 36 verts) '03 - Agujas'
					Eje_Aguja_TRIM_Timon02 (24 polys, 72 verts) '02 - Default'
			Cylinder255 (72 polys, 216 verts) '13 - Instrumentos_02'
			Cylinder256 (72 polys, 216 verts) '13 - Instrumentos_02'
			Torque_Der_02 (72 polys, 216 verts) '13 - Instrumentos_02'
			Temp_Entrada_Jet_Izq (72 polys, 216 verts) '13 - Instrumentos_02'
			Temp_Entrada_Jet_Der (72 polys, 216 verts) '13 - Instrumentos_02'
			Voltimetro_02 (60 polys, 180 verts) '09 - Instrumentos_01'
				Aguja_VOLT_02 (8 polys, 24 verts) 'Material #32'
			Amperimetro_02 (60 polys, 180 verts) '09 - Instrumentos_01'
				Aguja_AMP_02 (8 polys, 24 verts) 'Material #32'
			Generico (60 polys, 180 verts) '09 - Instrumentos_01'
			Liquidometro_Aceite_02 (60 polys, 180 verts) '09 - Instrumentos_01'
			Generico01 (60 polys, 180 verts) '09 - Instrumentos_01'
			Voltimetro_02 (60 polys, 180 verts) '09 - Instrumentos_01'
			Generico02 (60 polys, 180 verts) '09 - Instrumentos_01'
			Indicador_Radiadores_01 (60 polys, 180 verts) '09 - Instrumentos_01'
			Liquidometro_Fuel_02 (60 polys, 180 verts) '09 - Instrumentos_01'
				Aguja_Liquidometro_Fuel_02 (8 polys, 24 verts) 'Material #32'
				Eje_Aguja_Liquidometro_Fuel_02 (24 polys, 72 verts) '02 - Default'
			Liquidometro_Fuel_03 (60 polys, 180 verts) '09 - Instrumentos_01'
				Aguja_Liquidometro_Fuel_03 (8 polys, 24 verts) 'Material #32'
				Eje_Aguja_Liquidometro_Fuel_03 (24 polys, 72 verts) '02 - Default'
			Liquidometro_Fuel_04 (60 polys, 180 verts) '09 - Instrumentos_01'
				Aguja_Liquidometro_Fuel_04 (8 polys, 24 verts) 'Material #32'
				Eje_Aguja_Liquidometro_Fuel_04 (24 polys, 72 verts) '02 - Default'
			Liquidometro_Fuel_05 (60 polys, 180 verts) '09 - Instrumentos_01'
				Aguja_Liquidometro_Fuel_05 (8 polys, 24 verts) 'Material #32'
				Eje_Aguja_Liquidometro_Fuel_05 (24 polys, 72 verts) '02 - Default'
			Liquidometro_Fuel_06	 (60 polys, 180 verts) '09 - Instrumentos_01'
				Aguja_Liquidometro_Fuel_06 (8 polys, 24 verts) 'Material #32'
				Eje_Aguja_Liquidometro_Fuel_06 (24 polys, 72 verts) '02 - Default'
			Temp_Reactor_Der_01 (72 polys, 216 verts) '13 - Instrumentos_02'
				Aguja_Temp_Motor_04 (12 polys, 36 verts) '03 - Agujas'
					Eje_Aguja_Temp_Motor_04 (24 polys, 72 verts) '02 - Default'
			Temp_Turbo_Der_01 (72 polys, 216 verts) '13 - Instrumentos_02'
				Aguja_Temp_Motor_03 (12 polys, 36 verts) '03 - Agujas'
					Eje_Aguja_Temp_Motor_03 (24 polys, 72 verts) '02 - Default'
			Temp_Turbo_Izq_01 (72 polys, 216 verts) '13 - Instrumentos_02'
				Eje_Aguja_Temp_Motor_02 (24 polys, 72 verts) '02 - Default'
				Aguja_Temp_Motor_02 (12 polys, 36 verts) '03 - Agujas'
			Temp_Reactor_Izq_01 (72 polys, 216 verts) '13 - Instrumentos_02'
				Aguja_Temp_Motor_01 (12 polys, 36 verts) '03 - Agujas'
					Eje_Aguja_Temp_Motor_01 (24 polys, 72 verts) '02 - Default'
			Interruptor_Jet_Izq (24 polys, 72 verts) '03 - Agujas'
			Interruptor_Jet_Der (24 polys, 72 verts) '03 - Agujas'
			Base_Luz_02 (36 polys, 108 verts) '02 - Default'
				Luz_02 (306 polys, 918 verts) '07 - Default'
			Base_Luz_01 (36 polys, 108 verts) '02 - Default'
				Luz_01 (306 polys, 918 verts) '07 - Default'
			Base_Luz_Precaucion_01 (36 polys, 108 verts) '02 - Default'
				Luz_Precaucion_01 (306 polys, 918 verts) '08 - Default'
			Cylinder302 (72 polys, 216 verts) '13 - Instrumentos_02'
			Base_Panel_Principal (12 polys, 36 verts) '01 - Default'
				Cylinder203 (24 polys, 72 verts) '03 - Agujas'
				Cylinder204 (24 polys, 72 verts) '03 - Agujas'
				Cylinder202 (24 polys, 72 verts) '03 - Agujas'
				Cylinder166 (24 polys, 72 verts) '03 - Agujas'
				Cylinder214 (24 polys, 72 verts) '03 - Agujas'
				Timbre_02 (24 polys, 72 verts) '03 - Agujas'
					Timbre_12 (36 polys, 108 verts) '03 - Agujas'
						Timbre_13 (24 polys, 72 verts) '02 - Default'
				Cylinder196 (24 polys, 72 verts) '03 - Agujas'
				Cylinder197 (24 polys, 72 verts) '03 - Agujas'
				Base_Panel_Principal01 (12 polys, 36 verts) '10 - Paneles'
					Base_Luz_04 (36 polys, 108 verts) '02 - Default'
						Luz_04 (306 polys, 918 verts) '07 - Default'
					Base_Luz_03 (36 polys, 108 verts) '02 - Default'
						Luz_03 (306 polys, 918 verts) '07 - Default'
					Base_Luz_05 (36 polys, 108 verts) '02 - Default'
						Luz_05 (306 polys, 918 verts) '07 - Default'
					Base_Luz_06 (36 polys, 108 verts) '02 - Default'
						Luz_06 (306 polys, 918 verts) '07 - Default'
					Luz_Fuego_Helice_Izq (36 polys, 108 verts) '02 - Default'
						Capsule01 (306 polys, 918 verts) '07 - Default'
					Luz_Fuego_Helice_Der (36 polys, 108 verts) '02 - Default'
						Capsule02 (306 polys, 918 verts) '07 - Default'
				Timbre_01	 (24 polys, 72 verts) '03 - Agujas'
					Timbre_10 (36 polys, 108 verts) '03 - Agujas'
						Timbre_11 (24 polys, 72 verts) '02 - Default'
				Cylinder172 (36 polys, 108 verts) '03 - Agujas'
				Cylinder173 (36 polys, 108 verts) '03 - Agujas'
				Cylinder174 (36 polys, 108 verts) '03 - Agujas'
				Cylinder199 (36 polys, 108 verts) '03 - Agujas'
				Cylinder171 (36 polys, 108 verts) '03 - Agujas'
				Cylinder200 (108 polys, 324 verts) '03 - Agujas'
				Timbre_14 (24 polys, 72 verts) '03 - Agujas'
					Timbre_15 (36 polys, 108 verts) '03 - Agujas'
						Timbre_16 (24 polys, 72 verts) '02 - Default'
				Timbre_17 (24 polys, 72 verts) '03 - Agujas'
					Timbre_18 (36 polys, 108 verts) '03 - Agujas'
						Timbre_19 (24 polys, 72 verts) '02 - Default'
				Base_Panel_Principal02 (12 polys, 36 verts) '10 - Paneles'
				Base_Panel_Principal03 (12 polys, 36 verts) '10 - Paneles'
				Cylinder303 (24 polys, 72 verts) '03 - Agujas'
				Cylinder304 (36 polys, 108 verts) '02 - Default'
				Cylinder305 (24 polys, 72 verts) '02 - Default'
			Ventilacion_01 (96 polys, 288 verts) '02 - Default'
			Ventilacion_02 (96 polys, 288 verts) '02 - Default'
		Pared (46 polys, 138 verts) '11 - Default'
		Fuselaje (71 polys, 213 verts) '11 - Default'
			Piso_Radar (2 polys, 6 verts) '19 - Default'
				Box18 (96 polys, 288 verts) '06 - Default'
				Box19 (96 polys, 288 verts) '06 - Default'
				Box17 (20 polys, 60 verts) '02 - Default'
					Box23 (12 polys, 36 verts) '05 - Default'
			Gabinete_Radar (12 polys, 36 verts) '19 - Sala_Radar'
				Pantalla_Radar (72 polys, 216 verts) '16 - Radar'
					Cylinder249 (24 polys, 72 verts) '03 - Agujas'
					Cylinder250 (24 polys, 72 verts) '03 - Agujas'
					Cylinder251 (24 polys, 72 verts) '03 - Agujas'
					Cylinder252 (24 polys, 72 verts) '03 - Agujas'
				Tube01 (144 polys, 432 verts) '02 - Default'
				Barra (288 polys, 864 verts) '02 - Default'
				Cylinder03 (72 polys, 216 verts) '05 - Default'
				Cylinder07 (72 polys, 216 verts) '05 - Default'
				Cylinder08 (72 polys, 216 verts) '05 - Default'
				Cylinder13 (72 polys, 216 verts) '05 - Default'
				Cylinder14 (72 polys, 216 verts) '05 - Default'
				Cylinder20 (72 polys, 216 verts) '05 - Default'
				Cylinder22 (72 polys, 216 verts) '02 - Default'
				Cylinder23 (72 polys, 216 verts) '02 - Default'
				Cylinder24 (72 polys, 216 verts) '02 - Default'
				Cylinder25 (72 polys, 216 verts) '02 - Default'
				Cylinder26 (72 polys, 216 verts) '02 - Default'
				Cylinder27 (72 polys, 216 verts) '02 - Default'
				Cylinder28 (72 polys, 216 verts) '02 - Default'
				Cylinder29 (72 polys, 216 verts) '02 - Default'
				Cylinder30 (72 polys, 216 verts) '02 - Default'
				Cylinder31 (72 polys, 216 verts) '02 - Default'
				Cylinder32 (72 polys, 216 verts) '02 - Default'
				Cylinder33 (72 polys, 216 verts) '02 - Default'
				Cylinder34 (72 polys, 216 verts) '02 - Default'
				Cylinder35 (72 polys, 216 verts) '02 - Default'
				Cylinder36 (72 polys, 216 verts) '02 - Default'
				Cylinder37 (72 polys, 216 verts) '02 - Default'
				Cylinder38 (72 polys, 216 verts) '02 - Default'
				Cylinder39 (72 polys, 216 verts) '02 - Default'
				Cylinder40 (72 polys, 216 verts) '02 - Default'
				Mesa_Radar (12 polys, 36 verts) '01 - Default'
					Amplificador (12 polys, 36 verts) '19 - Sala_Radar'
						Cylinder02 (36 polys, 108 verts) '02 - Default'
						Cylinder308 (36 polys, 108 verts) '02 - Default'
						Cylinder309 (36 polys, 108 verts) '02 - Default'
						Cylinder310 (36 polys, 108 verts) '02 - Default'
						Cylinder311 (36 polys, 108 verts) '02 - Default'
						Cylinder312 (36 polys, 108 verts) '02 - Default'
						Cylinder313 (36 polys, 108 verts) '02 - Default'
						Cylinder314 (36 polys, 108 verts) '02 - Default'
						Cylinder315 (36 polys, 108 verts) '02 - Default'
						Cylinder316 (36 polys, 108 verts) '02 - Default'
						Cylinder317 (36 polys, 108 verts) '02 - Default'
						Cylinder318 (36 polys, 108 verts) '02 - Default'
						Cylinder319 (36 polys, 108 verts) '02 - Default'
						Cylinder320 (36 polys, 108 verts) '02 - Default'
						Cylinder321 (36 polys, 108 verts) '02 - Default'
						Cylinder322 (36 polys, 108 verts) '02 - Default'
						Cylinder323 (36 polys, 108 verts) '02 - Default'
						Cylinder324 (36 polys, 108 verts) '02 - Default'
						Cylinder325 (36 polys, 108 verts) '02 - Default'
						Cylinder326 (36 polys, 108 verts) '02 - Default'
						Cylinder327 (36 polys, 108 verts) '02 - Default'
				Box12 (12 polys, 36 verts) '01 - Default'
					Box15 (12 polys, 36 verts) '19 - Sala_Radar'
						Cylinder17 (36 polys, 108 verts) '03 - Agujas'
						Cylinder230 (36 polys, 108 verts) '03 - Agujas'
						Cylinder231 (36 polys, 108 verts) '03 - Agujas'
						Cylinder232 (36 polys, 108 verts) '03 - Agujas'
						Cylinder233 (36 polys, 108 verts) '03 - Agujas'
						Cylinder234 (36 polys, 108 verts) '03 - Agujas'
						Cylinder235 (36 polys, 108 verts) '03 - Agujas'
						Cylinder236 (36 polys, 108 verts) '03 - Agujas'
						Cylinder237 (36 polys, 108 verts) '03 - Agujas'
						Cylinder238 (36 polys, 108 verts) '03 - Agujas'
						Cylinder239 (36 polys, 108 verts) '03 - Agujas'
						Cylinder240 (36 polys, 108 verts) '03 - Agujas'
						Cylinder241 (36 polys, 108 verts) '03 - Agujas'
						Cylinder242 (36 polys, 108 verts) '03 - Agujas'
						Cylinder243 (36 polys, 108 verts) '03 - Agujas'
						Cylinder244 (36 polys, 108 verts) '03 - Agujas'
						Cylinder245 (36 polys, 108 verts) '03 - Agujas'
						Cylinder246 (36 polys, 108 verts) '03 - Agujas'
						Cylinder247 (36 polys, 108 verts) '03 - Agujas'
						Cylinder248 (36 polys, 108 verts) '03 - Agujas'
						RWR (12 polys, 36 verts) '20 - Default'
						Marco_RWR (56 polys, 168 verts) '02 - Default'
				Asiento_Radarista (60 polys, 180 verts) '01 - Default'
					Cubierta_Asiento_Radarista (26 polys, 78 verts) '08 - Default'
				Cylinder215 (72 polys, 216 verts) '05 - Default'
				Cylinder216 (72 polys, 216 verts) '05 - Default'
				Cylinder217 (72 polys, 216 verts) '05 - Default'
				Cylinder218 (72 polys, 216 verts) '05 - Default'
				Cylinder219 (72 polys, 216 verts) '05 - Default'
				Cylinder220 (72 polys, 216 verts) '05 - Default'
				Cylinder221 (72 polys, 216 verts) '05 - Default'
				Cylinder222 (72 polys, 216 verts) '02 - Default'
				Cylinder223 (72 polys, 216 verts) '02 - Default'
				Cylinder224 (72 polys, 216 verts) '02 - Default'
				Cylinder225 (72 polys, 216 verts) '02 - Default'
				Cylinder226 (72 polys, 216 verts) '02 - Default'
				Cylinder227 (72 polys, 216 verts) '02 - Default'
				Cylinder228 (72 polys, 216 verts) '02 - Default'
				Cylinder229 (72 polys, 216 verts) '05 - Default'
				Pata_Mesa_Radar01 (12 polys, 36 verts) '01 - Default'
				Pata_Mesa_Radar02 (12 polys, 36 verts) '01 - Default'
				Cylinder306 (72 polys, 216 verts) '02 - Default'
				Cylinder307 (72 polys, 216 verts) '02 - Default'
				Box24 (12 polys, 36 verts) '02 - Default'
			Vidrio Pro (8 polys, 24 verts) '04 - Default'
			Tube04 (80 polys, 240 verts) '01 - Default'
			Tube05 (80 polys, 240 verts) '01 - Default'
			Tube06 (80 polys, 240 verts) '01 - Default'
			Cylinder11 (216 polys, 648 verts) '18 - Default'
			Cylinder294 (216 polys, 648 verts) '18 - Default'
			Cylinder295 (216 polys, 648 verts) '18 - Default'
			Cylinder296 (216 polys, 648 verts) '18 - Default'
			Cylinder297 (212 polys, 636 verts) '18 - Default'
			Cylinder299 (216 polys, 648 verts) '18 - Default'
			Cylinder300 (216 polys, 648 verts) '18 - Default'
		Pedal_Der_Piloto (124 polys, 372 verts) '15 - Default'
			Soporte_Pedal_03	 (12 polys, 36 verts) '01 - Default'
			Soporte_Pedal_04	 (12 polys, 36 verts) '01 - Default'
		Pedal_Izq_Copiloto (124 polys, 372 verts) '15 - Default'
			Soporte_Pedal_05	 (12 polys, 36 verts) '01 - Default'
			Soporte_Pedal_06 (12 polys, 36 verts) '01 - Default'
		Pedal_Der_Copiloto (124 polys, 372 verts) '15 - Default'
			Soporte_Pedal_08	 (12 polys, 36 verts) '01 - Default'
			Soporte_Pedal_07 (12 polys, 36 verts) '01 - Default'


Num Nodes: 615
Total:    (39148 polys, 117444 verts)
Mesh Max: (3768 polys, 11304 verts)

27 Materials:
 (  1) 01 - Default:
       Panel_Metal.bmp
 (  2) 02 - Default:
       Negro.bmp
 (  3) 15 - Default:
       Paneles_02.bmp
 (  4) 05 - Default:
       <No Texture>
 (  5) 07 - Default:
       <No Texture>
 (  6) 06 - Default:
       Amarillo.bmp
 (  7) 09 - Instrumentos_01:
       Instrumentos_01.bmp
 (  8) 21 - Default:
       Brujula.bmp
 (  9) 03 - Agujas:
       Gris.bmp
 ( 10) 10 - Paneles:
       Paneles_01.bmp
 ( 11) 08 - Default:
       <No Texture>
 ( 12) 19 - Default:
       Piso.bmp
 ( 13) 04 - Default:
       Transparency enabled
       Vidrio.tga
 ( 14) 13 - Instrumentos_02:
       Instrumentos_02.bmp
 ( 15) Material #10:
       <No Texture>
 ( 16) Material #32:
       <No Texture>
 ( 17) Material #21:
       <No Texture>
 ( 18) 14 - Default:
       A-4B_ATTITUDE.BMP
 ( 19) 12 - Default:
       Plancheta.bmp
 ( 20) Material #43:
       <No Texture>
 ( 21) Material #54:
       <No Texture>
 ( 22) Material #65:
       <No Texture>
 ( 23) 11 - Default:
       Tapizado.bmp
 ( 24) 19 - Sala_Radar:
       Sala_Radar.bmp
 ( 25) 16 - Radar:
       EASYRADAR.BMP
 ( 26) 20 - Default:
       A-4F_RWR.BMP
 ( 27) 18 - Default:
       Cables.bmp

18 Textures:
Panel_Metal.bmp
Negro.bmp
Paneles_02.bmp
Amarillo.bmp
Instrumentos_01.bmp
Brujula.bmp
Gris.bmp
Paneles_01.bmp
Piso.bmp
Vidrio.tga
Instrumentos_02.bmp
A-4B_ATTITUDE.BMP
Plancheta.bmp
Tapizado.bmp
Sala_Radar.bmp
EASYRADAR.BMP
A-4F_RWR.BMP
Cables.bmp
