	Fuselage (132 polys, 396 verts) '02 - Default'
		Tail (192 polys, 576 verts) '02 - Default'
			TailFIn (100 polys, 300 verts) '02 - Default'
				Rudder (20 polys, 60 verts) '02 - Default'
				Stab_L (48 polys, 144 verts) '03 - Default'
					Elev_L (36 polys, 108 verts) '03 - Default'
				Stab_R (92 polys, 276 verts) '03 - Default'
					Elev_R (36 polys, 108 verts) '03 - Default'
				AuxJet (120 polys, 360 verts) '02 - Default'
					AuxJet_Intake (20 polys, 60 verts) '02 - Default'
		Wing_L (344 polys, 1032 verts) '03 - Default'
			FlapO_L (4 polys, 12 verts) '03 - Default'
			FlapI_L (10 polys, 30 verts) '03 - Default'
			Aileron_L (8 polys, 24 verts) '03 - Default'
			Pitot_L (16 polys, 48 verts) '03 - Default'
			StatEjec_L (16 polys, 48 verts) '03 - Default'
			WingFence_L (68 polys, 204 verts) '03 - Default'
			NavLight_L (4 polys, 12 verts) '01 - Default'
			Engine01 (208 polys, 624 verts) '03 - Default'
				Pipe_01 (120 polys, 360 verts) '03 - Default'
					Exh_01 (28 polys, 84 verts) '03 - Default'
			Engine02 (208 polys, 624 verts) '03 - Default'
				Pipe_02 (120 polys, 360 verts) '03 - Default'
					Exh_02 (28 polys, 84 verts) '03 - Default'
			Intake_L (315 polys, 945 verts) '03 - Default'
				InletVane_L (36 polys, 108 verts) '03 - Default'
				Inletblock_L (12 polys, 36 verts) '03 - Default'
			ExhNozzle_L (204 polys, 612 verts) '03 - Default'
			Pylon_L (16 polys, 48 verts) '02 - Default'
				FuelTank_L (548 polys, 1644 verts) '02 - Default'
			Well_L (87 polys, 261 verts) '03 - Default'
				DoorI_L (40 polys, 120 verts) '03 - Default'
				DoorO_L (80 polys, 240 verts) '03 - Default'
				Gear_L (124 polys, 372 verts) '04 - Default'
					Shock_L (416 polys, 1248 verts) '04 - Default'
						Tire_L01 (856 polys, 2568 verts) '02 - Default'
						Tire_L02 (856 polys, 2568 verts) '02 - Default'
					StrutL_L (72 polys, 216 verts) '04 - Default'
						StrutH_L (40 polys, 120 verts) '04 - Default'
		Wing_R (357 polys, 1071 verts) '03 - Default'
			Aileron_R (8 polys, 24 verts) '03 - Default'
			FlapO_R (4 polys, 12 verts) '03 - Default'
			FlapI_R (10 polys, 30 verts) '03 - Default'
			Pitot_R (16 polys, 48 verts) '03 - Default'
			StatEjec_R (16 polys, 48 verts) '03 - Default'
			WingFence_R (68 polys, 204 verts) '03 - Default'
			Engine03 (208 polys, 624 verts) '03 - Default'
				Pipe_03 (120 polys, 360 verts) '03 - Default'
					Exh_03 (28 polys, 84 verts) '03 - Default'
			Engine04 (208 polys, 624 verts) '03 - Default'
				Pipe_04 (120 polys, 360 verts) '03 - Default'
					Exh_04 (28 polys, 84 verts) '03 - Default'
			Intake_R (306 polys, 918 verts) '03 - Default'
				InletVane_R (36 polys, 108 verts) '03 - Default'
				Inletblock_R (12 polys, 36 verts) '03 - Default'
			ExhNozzle_R (204 polys, 612 verts) '03 - Default'
			Pylon_R (16 polys, 48 verts) '02 - Default'
				FuelTank_R (548 polys, 1644 verts) '02 - Default'
			NavLightGlass_R (4 polys, 12 verts) '01 - Default'
			Well_R (87 polys, 261 verts) '03 - Default'
				DoorI_R (40 polys, 120 verts) '03 - Default'
				DoorO_R (80 polys, 240 verts) '03 - Default'
				Gear_R (124 polys, 372 verts) '04 - Default'
					Shock_R (416 polys, 1248 verts) '04 - Default'
						Tire_R01 (856 polys, 2568 verts) '02 - Default'
						Tire_R02 (856 polys, 2568 verts) '02 - Default'
					StrutL_R (72 polys, 216 verts) '04 - Default'
						StrutH_R (40 polys, 120 verts) '04 - Default'
		BBayDoor_L (26 polys, 78 verts) '03 - Default'
		BBayDoor_R (12 polys, 36 verts) '03 - Default'
		BombBay (146 polys, 438 verts) '03 - Default'
			BomBay_Fr (80 polys, 240 verts) '02 - Default'
		BBay_Divider (14 polys, 42 verts) '04 - Default'
		BellyPan (30 polys, 90 verts) '03 - Default'
		Nose (672 polys, 2016 verts) '02 - Default'
			NoseProbe (268 polys, 804 verts) '02 - Default'
			Cannon_R (16 polys, 48 verts) '04 - Default'
			Cannon_L (16 polys, 48 verts) '04 - Default'
			Gondola (194 polys, 582 verts) '02 - Default'
				Gondola_Glass (8 polys, 24 verts) '01 - Default'
			CanopyFrame (260 polys, 780 verts) '02 - Default'
				Antenna_L (32 polys, 96 verts) '02 - Default'
				Antenna_R (32 polys, 96 verts) '02 - Default'
				CanopyGlass_T (36 polys, 108 verts) '01 - Default'
				CanopyGlass (22 polys, 66 verts) '01 - Default'
			CockPit (76 polys, 228 verts) '02 - Default'
				Seats_Rear (60 polys, 180 verts) '02 - Default'
				Seats (72 polys, 216 verts) '02 - Default'
				PitScreen (4 polys, 12 verts) '02 - Default'
				Firewall_Pit (14 polys, 42 verts) '02 - Default'
				Panel (2 polys, 6 verts) '02 - Default'
				YokeArm_L (26 polys, 78 verts) '02 - Default'
					Yoke_L (108 polys, 324 verts) '02 - Default'
				YokeArm_R (26 polys, 78 verts) '02 - Default'
					Yoke_R (108 polys, 324 verts) '02 - Default'
				CenterConsole (80 polys, 240 verts) '02 - Default'
				Firewall_PitR (36 polys, 108 verts) '02 - Default'
				Cockpit_R (75 polys, 225 verts) '02 - Default'
			Door (16 polys, 48 verts) '02 - Default'
			Well_F (62 polys, 186 verts) '03 - Default'
				Gear_F (410 polys, 1230 verts) '04 - Default'
					Tire_FL (156 polys, 468 verts) '02 - Default'
					Tire_FR (156 polys, 468 verts) '02 - Default'
				GDoor_FL (18 polys, 54 verts) '03 - Default'
					GDoorBrace_FL (70 polys, 210 verts) '02 - Default'
				GDoor_FR (18 polys, 54 verts) '03 - Default'
			Window_L (2 polys, 6 verts) '01 - Default'
		Scoop1 (56 polys, 168 verts) '02 - Default'
			Scoop1_Face (10 polys, 30 verts) '02 - Default'
		PortHole_L (28 polys, 84 verts) '01 - Default'
		Porthole_R (28 polys, 84 verts) '01 - Default'


Total:    (14149 polys, 42447 verts)
Mesh Max: (856 polys, 2568 verts)
