	Hull (522 polys, 1566 verts) '06 - Default'
		Panel (36 polys, 108 verts) 'orig_01 - Default'
			EnginePanel (52 polys, 156 verts) '07 - Default'
				Probangleswitch01 (112 polys, 336 verts) '07 - Default'
				Probangleswitch02 (112 polys, 336 verts) '07 - Default'
				Throttle (112 polys, 336 verts) '07 - Default'
				Throttle01 (112 polys, 336 verts) '07 - Default'
			FlapsGearBox (12 polys, 36 verts) '07 - Default'
			STBYCompass (12 polys, 36 verts) '02 - Default'
				Compassindexer (2 polys, 6 verts) '11 - Default'
				Box02 (12 polys, 36 verts) '20 - Default'
			FireLight01 (48 polys, 144 verts) '07 - Default'
			FireLight02 (48 polys, 144 verts) '07 - Default'
			FireLight03 (48 polys, 144 verts) '07 - Default'
			FireLight04 (48 polys, 144 verts) '07 - Default'
			FuelFlow06 (12 polys, 36 verts) '02 - Default'
			Cylinder01 (72 polys, 216 verts) '22 - Default'
			ENGRPM01 (198 polys, 594 verts) '02 - Default'
				Instrument05 (19 polys, 57 verts) '02 - Default'
			ENGRPM02 (198 polys, 594 verts) '02 - Default'
				Instrument06 (19 polys, 57 verts) '02 - Default'
			ENGRPM03 (198 polys, 594 verts) '02 - Default'
				Instrument07 (19 polys, 57 verts) '02 - Default'
			ENGRPM04 (198 polys, 594 verts) '02 - Default'
				Instrument08 (19 polys, 57 verts) '02 - Default'
			EngOiltemp01 (198 polys, 594 verts) '02 - Default'
				Instrument13 (19 polys, 57 verts) '02 - Default'
			EngOiltemp02 (198 polys, 594 verts) '02 - Default'
				Instrument14 (19 polys, 57 verts) '02 - Default'
			EngOiltemp03 (198 polys, 594 verts) '02 - Default'
				Instrument15 (19 polys, 57 verts) '02 - Default'
			EngOiltemp04 (198 polys, 594 verts) '02 - Default'
				Instrument16 (19 polys, 57 verts) '02 - Default'
			Manifoldpress01 (198 polys, 594 verts) '02 - Default'
				Instrument17 (19 polys, 57 verts) '02 - Default'
			ENGRPM05 (198 polys, 594 verts) '02 - Default'
				Clock (19 polys, 57 verts) '02 - Default'
			ENGRPM06 (198 polys, 594 verts) '02 - Default'
				FuelQant (19 polys, 57 verts) '02 - Default'
			ENGRPM07 (198 polys, 594 verts) '02 - Default'
				FuelQant01 (19 polys, 57 verts) '02 - Default'
			BombingPanel (12 polys, 36 verts) '07 - Default'
			ENGRPM08 (198 polys, 594 verts) '02 - Default'
				FuelQant02 (19 polys, 57 verts) '02 - Default'
			ENGRPM09 (198 polys, 594 verts) '02 - Default'
				FuelQant03 (19 polys, 57 verts) '02 - Default'
			Manifoldpress02 (198 polys, 594 verts) '02 - Default'
				Instrument25 (19 polys, 57 verts) '02 - Default'
			Manifoldpress03 (198 polys, 594 verts) '02 - Default'
				Instrument26 (19 polys, 57 verts) '02 - Default'
			Manifoldpress04 (198 polys, 594 verts) '02 - Default'
				Instrument27 (19 polys, 57 verts) '02 - Default'
			FuelFlow01 (12 polys, 36 verts) '02 - Default'
			FuelFlow02 (12 polys, 36 verts) '02 - Default'
			FuelFlow03 (12 polys, 36 verts) '02 - Default'
			Volt (198 polys, 594 verts) '02 - Default'
				FuelQant04 (19 polys, 57 verts) '02 - Default'
				Amps (19 polys, 57 verts) '02 - Default'
			Centerpanel (28 polys, 84 verts) '07 - Default'
				ADIRing (460 polys, 1380 verts) '02 - Default'
				PitchRollBar (72 polys, 216 verts) '03 - Default'
				Position (12 polys, 36 verts) '20 - Default'
				Position01 (12 polys, 36 verts) '20 - Default'
				Instrumentbox01 (198 polys, 594 verts) '02 - Default'
				Instrument01 (19 polys, 57 verts) '02 - Default'
				Instrumentbox02 (198 polys, 594 verts) '02 - Default'
				Instrument02 (19 polys, 57 verts) '02 - Default'
				Instrumentbox03 (198 polys, 594 verts) '02 - Default'
				Instrument03 (19 polys, 57 verts) '02 - Default'
				Instrumentbox04 (198 polys, 594 verts) '02 - Default'
				Instrument04 (19 polys, 57 verts) '02 - Default'
				Instrumentbox09 (198 polys, 594 verts) '02 - Default'
				RMIWheel (19 polys, 57 verts) '04 - Default'
					BearingMarker (56 polys, 168 verts) '20 - Default'
					CourseArrow (20 polys, 60 verts) '20 - Default'
				needle_alt10000 (96 polys, 288 verts) '05 - Default'
				needle_alt1000 (96 polys, 288 verts) '05 - Default'
				needle_alt100 (96 polys, 288 verts) '05 - Default'
				needle_Hour (70 polys, 210 verts) '05 - Default'
				needle_Minute (70 polys, 210 verts) '05 - Default'
				needle_Second (70 polys, 210 verts) '05 - Default'
				needle_Speed (96 polys, 288 verts) '05 - Default'
				needle_Pitch (96 polys, 288 verts) '05 - Default'
				needle_RPM100 (96 polys, 288 verts) '05 - Default'
				needle_RPM1000 (96 polys, 288 verts) '05 - Default'
				needle_slip (67 polys, 201 verts) '05 - Default'
				needle_turn (67 polys, 201 verts) '05 - Default'
				needle_RPM100-2 (96 polys, 288 verts) '05 - Default'
				needle_RPM1000-2 (96 polys, 288 verts) '05 - Default'
				needle_RPM100-3 (96 polys, 288 verts) '05 - Default'
				needle_RPM1000-3 (96 polys, 288 verts) '05 - Default'
				needle_RPM100-4 (96 polys, 288 verts) '05 - Default'
				needle_RPM1000-4 (96 polys, 288 verts) '05 - Default'
				needle_alt01 (96 polys, 288 verts) '05 - Default'
				needle_alt10002 (96 polys, 288 verts) '05 - Default'
				needle_alt10003 (96 polys, 288 verts) '05 - Default'
				needle_Pitch01 (96 polys, 288 verts) '05 - Default'
				needle_Speed01 (96 polys, 288 verts) '05 - Default'
				needle_slip01 (67 polys, 201 verts) '05 - Default'
				needle_turn01 (67 polys, 201 verts) '05 - Default'
				needle_Manifold (96 polys, 288 verts) '05 - Default'
				needle_Manifold01 (96 polys, 288 verts) '05 - Default'
				needle_Manifold02 (96 polys, 288 verts) '05 - Default'
				needle_Manifold03 (96 polys, 288 verts) '05 - Default'
				needle_Oil (30 polys, 90 verts) '05 - Default'
				needle_Oil01 (30 polys, 90 verts) '05 - Default'
				needle_Oil02 (30 polys, 90 verts) '05 - Default'
				needle_Oil03 (30 polys, 90 verts) '05 - Default'
				needle_OilQuant (30 polys, 90 verts) '05 - Default'
				needle_OilQuant01 (30 polys, 90 verts) '05 - Default'
				needle_OilQuant02 (30 polys, 90 verts) '05 - Default'
				needle_FuelPress (30 polys, 90 verts) '05 - Default'
				needle_OilQuant03 (30 polys, 90 verts) '05 - Default'
				needle_FuelPress01 (30 polys, 90 verts) '05 - Default'
				needle_FuelPress02 (30 polys, 90 verts) '05 - Default'
				needle_FuelPress03 (30 polys, 90 verts) '05 - Default'
				needle_oilTemp (96 polys, 288 verts) '05 - Default'
				needle_oilTemp01 (96 polys, 288 verts) '05 - Default'
				needle_oilTemp02 (96 polys, 288 verts) '05 - Default'
				needle_oilTemp03 (96 polys, 288 verts) '05 - Default'
				needle_Flaps (67 polys, 201 verts) '05 - Default'
				needle_Fuel1 (67 polys, 201 verts) '05 - Default'
				needle_Fuel02 (67 polys, 201 verts) '05 - Default'
				needle_Fuel03 (67 polys, 201 verts) '05 - Default'
				needle_Fuel04 (67 polys, 201 verts) '05 - Default'
				needle_V (30 polys, 90 verts) '05 - Default'
				needle_A (30 polys, 90 verts) '05 - Default'
				Needleaxis (36 polys, 108 verts) '23 - Default'
				Needleaxis01 (36 polys, 108 verts) '23 - Default'
				rplInt_dig03 (40 polys, 120 verts) '12 - Default'
				rplInt_dig02 (40 polys, 120 verts) '12 - Default'
				rplInt_dig01 (40 polys, 120 verts) '12 - Default'
				rplquant_dig2 (40 polys, 120 verts) '12 - Default'
				rplquant_dig1 (40 polys, 120 verts) '12 - Default'
				Compasscenter (72 polys, 216 verts) '04 - Default'
				Compasscenter01 (72 polys, 216 verts) '04 - Default'
			Centerpanel01 (28 polys, 84 verts) '07 - Default'
				ADIRing01 (460 polys, 1380 verts) '02 - Default'
				Instrument28 (19 polys, 57 verts) '02 - Default'
				Instrument29 (19 polys, 57 verts) '02 - Default'
				Instrument30 (19 polys, 57 verts) '02 - Default'
				Instrument31 (19 polys, 57 verts) '02 - Default'
				Instrumentbox10 (198 polys, 594 verts) '02 - Default'
				Instrumentbox11 (198 polys, 594 verts) '02 - Default'
				Instrumentbox12 (198 polys, 594 verts) '02 - Default'
				Instrumentbox13 (198 polys, 594 verts) '02 - Default'
				Instrumentbox14 (198 polys, 594 verts) '02 - Default'
				PitchRollBar01 (72 polys, 216 verts) '03 - Default'
				Position02 (12 polys, 36 verts) '20 - Default'
				Position03 (12 polys, 36 verts) '20 - Default'
				RMIWheel01 (19 polys, 57 verts) '04 - Default'
					BearingMarker01 (56 polys, 168 verts) '20 - Default'
					CourseArrow01 (20 polys, 60 verts) '20 - Default'
			BayDoorLight (48 polys, 144 verts) '07 - Default'
			Gearlight (4 polys, 12 verts) '07 - Default'
			EngineFireLight01 (36 polys, 108 verts) '07 - Default'
			EngineFireLight02 (36 polys, 108 verts) '07 - Default'
			EngineFireLight03 (36 polys, 108 verts) '07 - Default'
			EngineFireLight04 (36 polys, 108 verts) '07 - Default'
		Canopystrut (312 polys, 936 verts) 'orig_01 - Default'
			Glass1 (2 polys, 6 verts) '09 - Default'
			Glass02 (2 polys, 6 verts) '09 - Default'
			Glass03 (2 polys, 6 verts) '09 - Default'
			Glass04 (2 polys, 6 verts) '09 - Default'
			Glass05 (2 polys, 6 verts) '09 - Default'
			Glass06 (2 polys, 6 verts) '09 - Default'
			Glass07 (2 polys, 6 verts) '09 - Default'
			Glass08 (2 polys, 6 verts) '09 - Default'
			Glass09 (2 polys, 6 verts) '09 - Default'
			Glass10 (2 polys, 6 verts) '09 - Default'
			Glass11 (2 polys, 6 verts) '09 - Default'
			Glass12 (2 polys, 6 verts) '09 - Default'
			Glass13 (2 polys, 6 verts) '09 - Default'
			Glass14 (2 polys, 6 verts) '09 - Default'
			Glass15 (2 polys, 6 verts) '09 - Default'
			Glass16 (2 polys, 6 verts) '09 - Default'
		RSidePanel (20 polys, 60 verts) '06 - Default'
		LSidePanel (20 polys, 60 verts) '06 - Default'
		Steerhold (36 polys, 108 verts) 'orig_01 - Default'
			Steering (388 polys, 1164 verts) 'orig_01 - Default'
		Steerhold01 (36 polys, 108 verts) 'orig_01 - Default'
			Steering01 (388 polys, 1164 verts) 'orig_01 - Default'
		Nose (116 polys, 348 verts) '08 - Default'
			Sphere01 (44 polys, 132 verts) '08 - Default'
			Box01 (12 polys, 36 verts) '07 - Default'
		rightleg (216 polys, 648 verts) '13 - Default'
		Leftleg (216 polys, 648 verts) '13 - Default'
		Leftleg01 (216 polys, 648 verts) '13 - Default'
		rightleg01 (216 polys, 648 verts) '13 - Default'


Total:    (15444 polys, 46332 verts)
Mesh Max: (522 polys, 1566 verts)
