	Hull (522 polys, 1566 verts) 'orig_01 - Default'
		Panel (36 polys, 108 verts) '14 - Default'
			EnginePanel (52 polys, 156 verts) '07 - Default'
				Probangleswitch01 (112 polys, 336 verts) '07 - Default'
				Probangleswitch02 (112 polys, 336 verts) '07 - Default'
				Throttle (112 polys, 336 verts) '07 - Default'
				Throttle01 (112 polys, 336 verts) '07 - Default'
			FlapsGearBox (12 polys, 36 verts) '07 - Default'
			STBYCompass (12 polys, 36 verts) '02 - Default'
				Compassindexer (2 polys, 6 verts) '11 - Default'
				Box02 (12 polys, 36 verts) '20 - Default'
			FireLight01 (48 polys, 144 verts) '07 - Default'
			FireLight02 (48 polys, 144 verts) '07 - Default'
			FireLight03 (48 polys, 144 verts) '07 - Default'
			FireLight04 (48 polys, 144 verts) '07 - Default'
			Cylinder01 (72 polys, 216 verts) '22 - Default'
			BombingPanel (12 polys, 36 verts) '07 - Default'
			BayDoorLight (48 polys, 144 verts) '07 - Default'
			Gearlight (4 polys, 12 verts) '07 - Default'
			EngineFireLight01 (36 polys, 108 verts) '07 - Default'
			EngineFireLight02 (36 polys, 108 verts) '07 - Default'
			EngineFireLight03 (36 polys, 108 verts) '07 - Default'
			EngineFireLight04 (36 polys, 108 verts) '07 - Default'
			PitchRollBar (72 polys, 216 verts) '03 - Default'
			Position (12 polys, 36 verts) '20 - Default'
			Position01 (12 polys, 36 verts) '20 - Default'
			RMIBOX (198 polys, 594 verts) '23 - Default'
			RMIWheel (19 polys, 57 verts) '04 - Default'
				BearingMarker (56 polys, 168 verts) '05 - Default'
				CourseArrow (20 polys, 60 verts) '05 - Default'
			ADIRing (460 polys, 1380 verts) '15 - Default'
			needle_alt100 (96 polys, 288 verts) '05 - Default'
			needle_alt1000 (96 polys, 288 verts) '05 - Default'
			needle_alt10000 (96 polys, 288 verts) '05 - Default'
			needle_Hour (70 polys, 210 verts) '05 - Default'
			needle_Minute (70 polys, 210 verts) '05 - Default'
			needle_Pitch (70 polys, 210 verts) '05 - Default'
			needle_Second (70 polys, 210 verts) '05 - Default'
			needle_Speed (96 polys, 288 verts) '05 - Default'
			needle_Flaps (67 polys, 201 verts) '05 - Default'
			needle_FuelPress (30 polys, 90 verts) '05 - Default'
			needle_Oil (30 polys, 90 verts) '05 - Default'
			needle_Oilpress01 (30 polys, 90 verts) '05 - Default'
			needle_Fuel01 (30 polys, 90 verts) '05 - Default'
			rplInt_dig01 (40 polys, 120 verts) '12 - Default'
			rplInt_dig02 (40 polys, 120 verts) '12 - Default'
			rplInt_dig03 (40 polys, 120 verts) '12 - Default'
			rplquant_dig1 (40 polys, 120 verts) '12 - Default'
			rplquant_dig2 (40 polys, 120 verts) '12 - Default'
			needle_FuelPress01 (30 polys, 90 verts) '05 - Default'
			needle_Oil01 (30 polys, 90 verts) '05 - Default'
			needle_Oilpress02 (30 polys, 90 verts) '05 - Default'
			needle_RPM100-01 (96 polys, 288 verts) '05 - Default'
			needle_RPM100-02 (96 polys, 288 verts) '05 - Default'
			needle_RPM100-03 (96 polys, 288 verts) '05 - Default'
			needle_RPM100-04 (96 polys, 288 verts) '05 - Default'
			needle_Manifold-01 (96 polys, 288 verts) '05 - Default'
			needle_Manifold-02 (96 polys, 288 verts) '05 - Default'
			needle_Manifold-03 (96 polys, 288 verts) '05 - Default'
			needle_Manifold-04 (96 polys, 288 verts) '05 - Default'
			needle_OilQuant01 (30 polys, 90 verts) '05 - Default'
			needle_Volt (30 polys, 90 verts) '05 - Default'
			needle_Amps (30 polys, 90 verts) '05 - Default'
			needle_Turn (70 polys, 210 verts) '05 - Default'
			slip_ball (52 polys, 156 verts) '19 - Default'
			needle_OilQuant02 (30 polys, 90 verts) '05 - Default'
			needle_Fuel02 (30 polys, 90 verts) '05 - Default'
			needle_Fuel03 (30 polys, 90 verts) '05 - Default'
			needle_Fuel04 (30 polys, 90 verts) '05 - Default'
			needle_Fuel05 (30 polys, 90 verts) '05 - Default'
			needle_Fuel06 (30 polys, 90 verts) '05 - Default'
			needle_Fuel07 (30 polys, 90 verts) '05 - Default'
			needle_Fuel08 (30 polys, 90 verts) '05 - Default'
			Pic1 (2 polys, 6 verts) '17 - Default'
			MAP (2 polys, 6 verts) '18 - Default'
		Canopystrut (312 polys, 936 verts) 'orig_01 - Default'
			Glass1 (2 polys, 6 verts) '09 - Default'
			Glass02 (2 polys, 6 verts) '09 - Default'
			Glass03 (2 polys, 6 verts) '09 - Default'
			Glass04 (2 polys, 6 verts) '09 - Default'
			Glass05 (2 polys, 6 verts) 'orig_01 - Default'
			Glass06 (2 polys, 6 verts) 'orig_01 - Default'
			Glass07 (2 polys, 6 verts) '09 - Default'
			Glass08 (2 polys, 6 verts) '09 - Default'
			Glass09 (2 polys, 6 verts) 'orig_01 - Default'
			Glass10 (2 polys, 6 verts) 'orig_01 - Default'
			Glass11 (2 polys, 6 verts) 'orig_01 - Default'
			Glass12 (2 polys, 6 verts) 'orig_01 - Default'
			Glass13 (2 polys, 6 verts) 'orig_01 - Default'
			Glass14 (2 polys, 6 verts) 'orig_01 - Default'
			Glass15 (2 polys, 6 verts) 'orig_01 - Default'
			Glass16 (2 polys, 6 verts) 'orig_01 - Default'
		RSidePanel (20 polys, 60 verts) 'orig_01 - Default'
		LSidePanel (20 polys, 60 verts) 'orig_01 - Default'
		Steerhold (36 polys, 108 verts) 'orig_01 - Default'
			Steering (388 polys, 1164 verts) 'orig_01 - Default'
		Steerhold01 (36 polys, 108 verts) 'orig_01 - Default'
			Steering01 (388 polys, 1164 verts) 'orig_01 - Default'
		Nose (116 polys, 348 verts) '16 - Default'
			Sphere01 (44 polys, 132 verts) '09 - Default'
			Box01 (12 polys, 36 verts) '07 - Default'
		rightleg (216 polys, 648 verts) '13 - Default'
		Leftleg (216 polys, 648 verts) '13 - Default'
		Leftleg01 (216 polys, 648 verts) '13 - Default'
		rightleg01 (216 polys, 648 verts) '13 - Default'


Total:    (7050 polys, 21150 verts)
Mesh Max: (522 polys, 1566 verts)
