	Base (260 polys, 780 verts) '19 - Default'
		Reifen (408 polys, 1224 verts) '19 - Default'
		Box1 (24 polys, 72 verts) '19 - Default'
		Achsen (452 polys, 1356 verts) '19 - Default'
		Shelter (94 polys, 282 verts) '19 - Default'
			Door (12 polys, 36 verts) '19 - Default'
			Box03 (12 polys, 36 verts) '19 - Default'
			ResWheel (68 polys, 204 verts) '19 - Default'
			Box04 (12 polys, 36 verts) '19 - Default'
			Box05 (12 polys, 36 verts) '19 - Default'
			Tube01 (144 polys, 432 verts) '19 - Default'
			Box06 (20 polys, 60 verts) '19 - Default'
			Box07 (12 polys, 36 verts) '19 - Default'
			Box08 (12 polys, 36 verts) '19 - Default'
			Turret (28 polys, 84 verts) '19 - Default'
				S-Radar (244 polys, 732 verts) '19 - Default'
					R-Schuessel (128 polys, 384 verts) '03 - Default'
				T-Radar (56 polys, 168 verts) '19 - Default'
					Box09 (12 polys, 36 verts) '19 - Default'
					Box10 (12 polys, 36 verts) '19 - Default'
					T-RadarAntenna (152 polys, 456 verts) '19 - Default'
		Box02 (28 polys, 84 verts) '19 - Default'
			Stuezzylinder1 (127 polys, 381 verts) '19 - Default'
			Stuezzylinder1 (127 polys, 381 verts) '19 - Default'
		Stuezzylinder02 (127 polys, 381 verts) '19 - Default'
		Stuezzylinder03 (127 polys, 381 verts) '19 - Default'
		Camonet (504 polys, 1512 verts) '20 - Default'
			Cylinder02 (8 polys, 24 verts) '02 - Default'
			Cylinder01 (8 polys, 24 verts) '02 - Default'


Total:    (3230 polys, 9690 verts)
Mesh Max: (504 polys, 1512 verts)
