	Fuselage (352 polys, 1056 verts) '2 - Default'
		Tailfin (279 polys, 837 verts) '2 - Default'
			Rudder (50 polys, 150 verts) '2 - Default'
		Nose (208 polys, 624 verts) '2 - Default'
			Probe (35 polys, 105 verts) '2 - Default'
		Tail (272 polys, 816 verts) '2 - Default'
			TailDome (92 polys, 276 verts) '2 - Default'
			TailIntake (32 polys, 96 verts) '2 - Default'
		FrontDome (98 polys, 294 verts) '2 - Default'
			Antennae04 (32 polys, 96 verts) '2 - Default'
			Antennae03 (32 polys, 96 verts) '2 - Default'
		Windshield (68 polys, 204 verts) '2 - Default'
			CanopyGlass (36 polys, 108 verts) '1 - Default'
			WindshieldLiner (68 polys, 204 verts) '2 - Default'
		Canopy (168 polys, 504 verts) '2 - Default'
			CanopyLiner (168 polys, 504 verts) '2 - Default'
		Wing_L (185 polys, 555 verts) '3 - Default'
			Elevon_L (16 polys, 48 verts) '3 - Default'
			Flap_L (16 polys, 48 verts) '3 - Default'
			WingO_L (133 polys, 399 verts) '3 - Default'
				Aileron_L (26 polys, 78 verts) '3 - Default'
			Engine_Lo (136 polys, 408 verts) '3 - Default'
				Vent05 (16 polys, 48 verts) '3 - Default'
				Vent01 (28 polys, 84 verts) '3 - Default'
				Pipe_Lo (40 polys, 120 verts) '3 - Default'
				Nozzle_Lo (28 polys, 84 verts) '3 - Default'
			Engine_Li (134 polys, 402 verts) '3 - Default'
				Vent02 (28 polys, 84 verts) '3 - Default'
				Pipe_Li (40 polys, 120 verts) '3 - Default'
				Nozzle_Li (28 polys, 84 verts) '3 - Default'
			Well_L (26 polys, 78 verts) '3 - Default'
				Gear_L (76 polys, 228 verts) '2 - Default'
					Shock_LF (18 polys, 54 verts) '2 - Default'
						Pivot_L (60 polys, 180 verts) '2 - Default'
							Axle_L (24 polys, 72 verts) '2 - Default'
								GearTrain_L (48 polys, 144 verts) '2 - Default'
									Axle_LB (96 polys, 288 verts) '2 - Default'
										Tire_Lo04 (128 polys, 384 verts) '2 - Default'
										Tire_Lo03 (128 polys, 384 verts) '2 - Default'
										Tire_Li03 (128 polys, 384 verts) '2 - Default'
										Tire_Li04 (128 polys, 384 verts) '2 - Default'
									Axle_LF (96 polys, 288 verts) '2 - Default'
										Tire_Lo02 (128 polys, 384 verts) '2 - Default'
										Tire_Lo01 (128 polys, 384 verts) '2 - Default'
										Tire_Li01 (128 polys, 384 verts) '2 - Default'
										Tire_Li02 (128 polys, 384 verts) '2 - Default'
					Strut_L (144 polys, 432 verts) '2 - Default'
					Piston_LB (144 polys, 432 verts) '2 - Default'
						Shock_LB (144 polys, 432 verts) '2 - Default'
				Door_LB (20 polys, 60 verts) '2 - Default'
				Door_LF (20 polys, 60 verts) '2 - Default'
			Intake_L (114 polys, 342 verts) '2 - Default'
			Strake_L (40 polys, 120 verts) '2 - Default'
			Pylon_L (372 polys, 1116 verts) '2 - Default'
				Rack_L (185 polys, 555 verts) '2 - Default'
			AirbrakeWellB_L (28 polys, 84 verts) '3 - Default'
				ABSupport_L05 (12 polys, 36 verts) '3 - Default'
					ABRod_L02 (144 polys, 432 verts) '3 - Default'
						AirbrakeB_L (4 polys, 12 verts) '3 - Default'
							AirbrakeB_L01 (4 polys, 12 verts) '3 - Default'
				ABSupport_L06 (12 polys, 36 verts) '3 - Default'
			AirbrakeWellT_L (28 polys, 84 verts) '3 - Default'
				ABSupport_L01 (12 polys, 36 verts) '3 - Default'
					ABRod_L (144 polys, 432 verts) '3 - Default'
						AirbrakeT_Lo (8 polys, 24 verts) '3 - Default'
							AirbrakeT_Lo01 (8 polys, 24 verts) '3 - Default'
				ABSupport_L02 (12 polys, 36 verts) '3 - Default'
				ABSupport_L03 (12 polys, 36 verts) '3 - Default'
					ABRod_L01 (144 polys, 432 verts) '3 - Default'
						AirbrakeT_Li (4 polys, 12 verts) '3 - Default'
							AirbrakeT_Li01 (4 polys, 12 verts) '3 - Default'
				ABSupport_L04 (12 polys, 36 verts) '3 - Default'
		Wing_R (185 polys, 555 verts) '3 - Default'
			WingO_R (133 polys, 399 verts) '3 - Default'
				Aileron_R (26 polys, 78 verts) '3 - Default'
			Flap_R (16 polys, 48 verts) '3 - Default'
			Elevon_R (16 polys, 48 verts) '3 - Default'
			Engine_Ri (134 polys, 402 verts) '3 - Default'
				Vent03 (28 polys, 84 verts) '3 - Default'
				Pipe_Ri (40 polys, 120 verts) '3 - Default'
				Nozzle_Ri (28 polys, 84 verts) '3 - Default'
			Engine_Ro (136 polys, 408 verts) '3 - Default'
				Vent04 (28 polys, 84 verts) '3 - Default'
				Vent06 (16 polys, 48 verts) '3 - Default'
				Pipe_Ro (40 polys, 120 verts) '3 - Default'
				Nozzle_Ro (28 polys, 84 verts) '3 - Default'
			Well_R (26 polys, 78 verts) '3 - Default'
				Door_RB (20 polys, 60 verts) '2 - Default'
				Door_RF (20 polys, 60 verts) '2 - Default'
				Gear_R (76 polys, 228 verts) '2 - Default'
					Piston_RB (144 polys, 432 verts) '2 - Default'
						Shock_RB (144 polys, 432 verts) '2 - Default'
					Shock_RF (18 polys, 54 verts) '2 - Default'
						Pivot_R (60 polys, 180 verts) '2 - Default'
							Axle_RB (24 polys, 72 verts) '2 - Default'
								GearTrain_R (48 polys, 144 verts) '2 - Default'
									Axle_RB (96 polys, 288 verts) '2 - Default'
										Tire_Ro03 (128 polys, 384 verts) '2 - Default'
										Tire_Ro04 (128 polys, 384 verts) '2 - Default'
										Tire_Ri03 (128 polys, 384 verts) '2 - Default'
										Tire_Ri04 (128 polys, 384 verts) '2 - Default'
									Axle_RF (96 polys, 288 verts) '2 - Default'
										Tire_Ro01 (128 polys, 384 verts) '2 - Default'
										Tire_Ro02 (128 polys, 384 verts) '2 - Default'
										Tire_Ri01 (128 polys, 384 verts) '2 - Default'
										Tire_Ri02 (128 polys, 384 verts) '2 - Default'
					Strut_R (144 polys, 432 verts) '2 - Default'
			Intake_R (114 polys, 342 verts) '2 - Default'
			Strake_R (36 polys, 108 verts) '2 - Default'
			Pylon_R (372 polys, 1116 verts) '2 - Default'
				Rack_R (185 polys, 555 verts) '2 - Default'
			AirbrakeWellB_R (16 polys, 48 verts) '3 - Default'
				ABSupport_R05 (12 polys, 36 verts) '3 - Default'
					ABRod_R03 (144 polys, 432 verts) '3 - Default'
						AirbrakeB_R (4 polys, 12 verts) '3 - Default'
							AirbrakeB_R01 (4 polys, 12 verts) '3 - Default'
				ABSupport_R06 (12 polys, 36 verts) '3 - Default'
			AirbrakeWellT_R (28 polys, 84 verts) '3 - Default'
				ABSupport_R01 (12 polys, 36 verts) '3 - Default'
					ABRod_R01 (144 polys, 432 verts) '3 - Default'
						AirbrakeT_Ro (8 polys, 24 verts) '3 - Default'
							AirbrakeT_Ro01 (8 polys, 24 verts) '3 - Default'
				ABSupport_R02 (12 polys, 36 verts) '3 - Default'
				ABSupport_R03 (12 polys, 36 verts) '3 - Default'
					ABRod_R02 (144 polys, 432 verts) '3 - Default'
						AirbrakeT_Ri (4 polys, 12 verts) '3 - Default'
							AirbrakeT_Ri01 (4 polys, 12 verts) '3 - Default'
				ABSupport_R04 (12 polys, 36 verts) '3 - Default'
		Well_F (14 polys, 42 verts) '3 - Default'
			Gear_F (76 polys, 228 verts) '2 - Default'
				Shock_F (18 polys, 54 verts) '2 - Default'
					Pivot_F (60 polys, 180 verts) '2 - Default'
						Axle_F (24 polys, 72 verts) '2 - Default'
							Knee_F (36 polys, 108 verts) '2 - Default'
								Tire_FL (128 polys, 384 verts) '2 - Default'
								Tire_FR (128 polys, 384 verts) '2 - Default'
				Strut_F (24 polys, 72 verts) '2 - Default'
			Door_FL (20 polys, 60 verts) '2 - Default'
			Door_FR (20 polys, 60 verts) '2 - Default'
		BombBay (88 polys, 264 verts) '3 - Default'
			BDoor_L (6 polys, 18 verts) '2 - Default'
				BDoor_L01 (6 polys, 18 verts) '2 - Default'
			BDoor_R (6 polys, 18 verts) '2 - Default'
				BDoor_R01 (6 polys, 18 verts) '2 - Default'
			BombBracket_01 (24 polys, 72 verts) '2 - Default'
				BombSupport_01 (160 polys, 480 verts) '2 - Default'
			BombBracket_02 (24 polys, 72 verts) '2 - Default'
				BombSupport_02 (160 polys, 480 verts) '2 - Default'
			BombBracket_03 (24 polys, 72 verts) '2 - Default'
				BombSupport_03 (160 polys, 480 verts) '2 - Default'
		Antennae09 (58 polys, 174 verts) '2 - Default'
		Antennae02 (32 polys, 96 verts) '2 - Default'
		Antennae05 (58 polys, 174 verts) '2 - Default'
		Antennae01 (32 polys, 96 verts) '2 - Default'
		Cockpit (56 polys, 168 verts) '2 - Default'
			Dash (1 polys, 3 verts) '2 - Default'
			Panel (32 polys, 96 verts) '2 - Default'
			Pit_R (84 polys, 252 verts) '2 - Default'
			Floor (36 polys, 108 verts) '2 - Default'
				Seats_Rear (60 polys, 180 verts) '2 - Default'
				Seats (72 polys, 216 verts) '2 - Default'
				CenterConsole (80 polys, 240 verts) '2 - Default'
			Firewall_PitR (35 polys, 105 verts) '2 - Default'
				PitScreen (4 polys, 12 verts) '2 - Default'
			YokeArm_L (26 polys, 78 verts) '2 - Default'
				Yoke_L (108 polys, 324 verts) '2 - Default'
			YokeArm_R (26 polys, 78 verts) '2 - Default'
				Yoke_R (108 polys, 324 verts) '2 - Default'
		Line01 (2 polys, 6 verts) 'ERROR: No material is assigned!'
			Chute (180 polys, 540 verts) 'Mtl__10'
				Chute_Inner (144 polys, 432 verts) 'Mtl__10'


Num Nodes: 171
Total:    (12614 polys, 37842 verts)
Mesh Max: (372 polys, 1116 verts)

4 Materials:
 (  1) 2 - Default:
       VulcanB2-s.bmp
 (  2) 1 - Default:
       Transparency enabled
       ClrGlass.TGA
 (  3) 3 - Default:
       vulcanb2-t.bmp
 (  4) Mtl__10:
       Chute.bmp

4 Textures:
VulcanB2-s.bmp
ClrGlass.TGA
vulcanb2-t.bmp
Chute.bmp
