	Body (1320 polys, 3960 verts) '02 - Default'
		GROUP20 (4 polys, 12 verts) 'MATERIAL20'
		GROUP21 (4 polys, 12 verts) 'MATERIAL21'
		GROUP14 (2 polys, 6 verts) 'MATERIAL14'
		GROUP15 (2 polys, 6 verts) 'MATERIAL15'
		GROUP16 (65 polys, 195 verts) 'MATERIAL16'
		GROUP17 (2 polys, 6 verts) 'MATERIAL17'
		GROUP13 (2 polys, 6 verts) 'MATERIAL13'
		GROUP19 (2 polys, 6 verts) 'MATERIAL19'
		GROUP10 (44 polys, 132 verts) '15 - Default'
		GROUP12 (30 polys, 90 verts) 'MATERIAL12'
		GROUP32 (16 polys, 48 verts) '08 - Default'
		GROUP46 (360 polys, 1080 verts) '02 - Default'
		GROUP18 (2 polys, 6 verts) 'MATERIAL18'
		GROUP31 (3248 polys, 9744 verts) '09 - Default'
		GROUP30 (104 polys, 312 verts) '09 - Default'
		GROUP33 (20 polys, 60 verts) '08 - Default'
		Body01 (4406 polys, 13218 verts) '04 - Default'
		Turret (1346 polys, 4038 verts) '04 - Default'
			GROUP9 (44 polys, 132 verts) '13 - Default'
			GROUP53 (80 polys, 240 verts) '07 - Default'
			GROUP26 (8 polys, 24 verts) '04 - Default'
			GROUP52 (16 polys, 48 verts) '07 - Default'
			GROUP25 (26 polys, 78 verts) '04 - Default'
			GROUP11 (32 polys, 96 verts) '14 - Default'
			GROUP22 (74 polys, 222 verts) '04 - Default'
			GROUP36 (46 polys, 138 verts) '07 - Default'
				GROUP23 (168 polys, 504 verts) '04 - Default'
		GROUP8 (202 polys, 606 verts) '04 - Default'


Num Nodes: 29
Total:    (11675 polys, 35025 verts)
Mesh Max: (4406 polys, 13218 verts)

18 Materials:
 (  1) 02 - Default:
       Ztz99.tga
 (  2) MATERIAL20:
       Specular=0.00, Glossiness=0.00, Color:<0,0,0>
       <No Texture>
 (  3) MATERIAL21:
       Specular=0.00, Glossiness=0.00, Color:<0,0,0>
       <No Texture>
 (  4) MATERIAL14:
       Specular=0.00, Glossiness=0.00, Color:<0,0,0>
       <No Texture>
 (  5) MATERIAL15:
       Specular=0.00, Glossiness=0.00, Color:<0,0,0>
       <No Texture>
 (  6) MATERIAL16:
       Specular=0.00, Glossiness=0.00, Color:<0,0,0>
       <No Texture>
 (  7) MATERIAL17:
       Specular=0.00, Glossiness=0.00, Color:<0,0,0>
       <No Texture>
 (  8) MATERIAL13:
       Specular=0.00, Glossiness=0.00, Color:<0,0,0>
       <No Texture>
 (  9) MATERIAL19:
       Specular=0.00, Glossiness=0.00, Color:<0,0,0>
       <No Texture>
 ( 10) 15 - Default:
       99cegai3.tga
 ( 11) MATERIAL12:
       Specular=0.00, Glossiness=0.00, Color:<0,0,0>
       <No Texture>
 ( 12) 08 - Default:
       wood2.tga
 ( 13) MATERIAL18:
       Specular=0.00, Glossiness=0.00, Color:<0,0,0>
       <No Texture>
 ( 14) 09 - Default:
       lvdai1.tga
 ( 15) 04 - Default:
       Ztz992.tga
 ( 16) 13 - Default:
       99cegai.tga
 ( 17) 07 - Default:
       dustcvr.tga
 ( 18) 14 - Default:
       99cegai2.tga

8 Textures:
Ztz99.tga
99cegai3.tga
wood2.tga
lvdai1.tga
Ztz992.tga
99cegai.tga
dustcvr.tga
99cegai2.tga
