	Fuselage (253 polys, 759 verts) '02 - Default'
		Nacelle_L (85 polys, 255 verts) '02 - Default'
			Exhaust_L (12 polys, 36 verts) '02 - Default'
			Wing_L (56 polys, 168 verts) '03 - Default'
				Pylon_Li (108 polys, 324 verts) '02 - Default'
				Pylon_Lo (108 polys, 324 verts) '02 - Default'
				Aileron_L (8 polys, 24 verts) '03 - Default'
				Flap_L (8 polys, 24 verts) '03 - Default'
				Slat_L (5 polys, 15 verts) '03 - Default'
				Well_L (52 polys, 156 verts) '03 - Default'
					Door_li (44 polys, 132 verts) '02 - Default'
					Gear_L (380 polys, 1140 verts) '02 - Default'
						Shock_L (128 polys, 384 verts) '02 - Default'
							Fork_L (298 polys, 894 verts) '02 - Default'
								Tire_L (1612 polys, 4836 verts) '02 - Default'
						Strut_L (128 polys, 384 verts) '02 - Default'
					Door_Lo1 (16 polys, 48 verts) '02 - Default'
					Door_Lo2 (116 polys, 348 verts) '02 - Default'
			Stab_L (36 polys, 108 verts) '03 - Default'
				Elev_L (4 polys, 12 verts) '03 - Default'
			Intake_L (12 polys, 36 verts) '02 - Default'
				Inlet_L (4 polys, 12 verts) '02 - Default'
			Pipe_L (16 polys, 48 verts) '02 - Default'
		Nacelle_R (89 polys, 267 verts) '02 - Default'
			Exhaust_R (12 polys, 36 verts) '02 - Default'
			Stab_R (36 polys, 108 verts) '03 - Default'
				Elev_R (4 polys, 12 verts) '03 - Default'
			Wing_R (56 polys, 168 verts) '03 - Default'
				Flap_R (4 polys, 12 verts) '03 - Default'
				Aileron_R (4 polys, 12 verts) '03 - Default'
				Slat_R (4 polys, 12 verts) '03 - Default'
				Pylon_Ri (108 polys, 324 verts) '02 - Default'
				Pylon_Ro (108 polys, 324 verts) '02 - Default'
				Well_R (52 polys, 156 verts) '03 - Default'
					Door_Ri (44 polys, 132 verts) '02 - Default'
					Gear_R (380 polys, 1140 verts) '02 - Default'
						Shock_R (128 polys, 384 verts) '02 - Default'
							Fork_R (298 polys, 894 verts) '02 - Default'
								Tire_R (1612 polys, 4836 verts) '02 - Default'
						Strut_R (128 polys, 384 verts) '02 - Default'
					Door_Ro1 (16 polys, 48 verts) '02 - Default'
					Door_Ro2 (116 polys, 348 verts) '02 - Default'
			Intake_R (10 polys, 30 verts) '02 - Default'
				Inlet_R (4 polys, 12 verts) '02 - Default'
			Pipe_R (16 polys, 48 verts) '02 - Default'
		Canopy_R (14 polys, 42 verts) '02 - Default'
			Can2_Cover (6 polys, 18 verts) '02 - Default'
		RearFirewall (13 polys, 39 verts) '02 - Default'
		Nose (274 polys, 822 verts) '02 - Default'
			NoseCone (12 polys, 36 verts) '02 - Default'
			GunPort_LB (49 polys, 147 verts) '02 - Default'
				Cannon_LB (142 polys, 426 verts) '02 - Default'
			GunPort_LT (49 polys, 147 verts) '02 - Default'
				Cannon_LT (162 polys, 486 verts) '02 - Default'
			GunPort_RB (52 polys, 156 verts) '02 - Default'
				Cannon_RB (142 polys, 426 verts) '02 - Default'
			GunPort_RT (40 polys, 120 verts) '02 - Default'
				Cannon_RT (162 polys, 486 verts) '02 - Default'
		Spine (50 polys, 150 verts) '02 - Default'
			TailFin (34 polys, 102 verts) '02 - Default'
				Rudder (4 polys, 12 verts) '02 - Default'
		WindshieldFrame (12 polys, 36 verts) '02 - Default'
			Windshield (12 polys, 36 verts) '01 - Default'
		Canopy (32 polys, 96 verts) '02 - Default'
			CanopyGlass (32 polys, 96 verts) '01 - Default'
		Firewall (14 polys, 42 verts) '02 - Default'
		Floor (28 polys, 84 verts) 'UnwrapChecker'
		Well_F (10 polys, 30 verts) '03 - Default'
			Door_FL (10 polys, 30 verts) '02 - Default'
				Door_FL01 (10 polys, 30 verts) '02 - Default'
			Door_FR (10 polys, 30 verts) '02 - Default'
				Door_FR01 (10 polys, 30 verts) '02 - Default'
			Gear_F (24 polys, 72 verts) '02 - Default'
				Hinge1_F (68 polys, 204 verts) '02 - Default'
				Shock_F (16 polys, 48 verts) '02 - Default'
					Fork_F (132 polys, 396 verts) '02 - Default'
						Fork_Ring_F (28 polys, 84 verts) '02 - Default'
							Hinge2_F (72 polys, 216 verts) '02 - Default'
							Pivot01 (32 polys, 96 verts) '02 - Default'
						Tire_F (252 polys, 756 verts) '02 - Default'
				Hinge1_F01 (32 polys, 96 verts) '02 - Default'
				Pivot (32 polys, 96 verts) '02 - Default'
		RocketBay (20 polys, 60 verts) '02 - Default'
			RPack (5 polys, 15 verts) '02 - Default'
				RTray (5228 polys, 15684 verts) '02 - Default'
		ABWell_L (24 polys, 72 verts) '02 - Default'
			ABrake_L (6 polys, 18 verts) '02 - Default'
				ABPlate_L (1780 polys, 5340 verts) '02 - Default'
		ABWell_R (22 polys, 66 verts) '02 - Default'
			ABrake_R (6 polys, 18 verts) '02 - Default'
				ABPlate_R (1780 polys, 5340 verts) '02 - Default'
		Cockpit (38 polys, 114 verts) '02 - Default'
			Pit_R (40 polys, 120 verts) '02 - Default'


Num Nodes: 93
Total:    (17740 polys, 53220 verts)
Mesh Max: (5228 polys, 15684 verts)

4 Materials:
 (  1) 02 - Default:
       marut-s.bmp
 (  2) 03 - Default:
       Marut-t.bmp
 (  3) 01 - Default:
       Transparency enabled
       ClrGlass.TGA
 (  4) UnwrapChecker:
       <No Texture>

3 Textures:
marut-s.bmp
Marut-t.bmp
ClrGlass.TGA
