	Hull (2603 polys, 7809 verts) '1 - Default'
		mesh20 (44 polys, 132 verts) '13 - Default'
		mesh19 (44 polys, 132 verts) '13 - Default'
		Superstructure (1678 polys, 5034 verts) '1 - Default'
		mesh18 (336 polys, 1008 verts) '1 - Default'
		mesh34 (586 polys, 1758 verts) '1 - Default'
		mesh09 (1944 polys, 5832 verts) '1 - Default'
		mesh28 (176 polys, 528 verts) '1 - Default'
		mesh06 (328 polys, 984 verts) '1 - Default'
		mesh24 (176 polys, 528 verts) '1 - Default'
		mesh07 (128 polys, 384 verts) '2 - Default'
		mesh93 (22 polys, 66 verts) '1 - Default'
		mesh11 (356 polys, 1068 verts) '1 - Default'
		mesh16 (26 polys, 78 verts) '1 - Default'
		mesh15 (76 polys, 228 verts) '13 - Default'
		mesh14 (336 polys, 1008 verts) '1 - Default'
		mesh12 (440 polys, 1320 verts) '15 - Default'
		mesh01 (354 polys, 1062 verts) '1 - Default'
		mesh10 (218 polys, 654 verts) '1 - Default'
		mesh02 (756 polys, 2268 verts) '1 - Default'
		mesh04 (3014 polys, 9042 verts) '1 - Default'
		mesh29 (1198 polys, 3594 verts) '1 - Default'
		mesh08 (240 polys, 720 verts) '2 - Default'
		mesh05 (1276 polys, 3828 verts) '1 - Default'
		mesh151 (328 polys, 984 verts) '1 - Default'
		mesh133 (44 polys, 132 verts) '15 - Default'
		FlightDeck (80 polys, 240 verts) '2 - Default'
		mesh25 (164 polys, 492 verts) '14 - Default'
		mesh72 (12 polys, 36 verts) '13 - Default'
		mesh85 (12 polys, 36 verts) '3 - Default'
		WireBits (1108 polys, 3324 verts) '2 - Default'
		Turret1 (357 polys, 1071 verts) '1 - Default'
			Gun1 (264 polys, 792 verts) '1 - Default'
		mesh83 (22 polys, 66 verts) '1 - Default'
		mesh22 (785 polys, 2355 verts) '2 - Default'
		mesh03 (492 polys, 1476 verts) '1 - Default'
		Radar1 (52 polys, 156 verts) '9 - Default'
		Turret2 (357 polys, 1071 verts) '1 - Default'
			Gun2 (264 polys, 792 verts) '1 - Default'
		Turret8 (379 polys, 1137 verts) '1 - Default'
			Gun8 (264 polys, 792 verts) '1 - Default'
		Turret7 (379 polys, 1137 verts) '1 - Default'
			Gun7 (264 polys, 792 verts) '1 - Default'
		Turret3 (379 polys, 1137 verts) '1 - Default'
			Gun3 (264 polys, 792 verts) '1 - Default'
		Turret4 (379 polys, 1137 verts) '1 - Default'
			Gun4 (264 polys, 792 verts) '1 - Default'
		Turret5 (379 polys, 1137 verts) '1 - Default'
			Gun5 (264 polys, 792 verts) '1 - Default'
		Turret6 (379 polys, 1137 verts) '1 - Default'
			Gun6 (264 polys, 792 verts) '1 - Default'
		Man1 (391 polys, 1173 verts) 'Material #10'
		Man2 (377 polys, 1131 verts) 'Material #10'
		Man3 (379 polys, 1137 verts) 'Material #10'
		Man4 (385 polys, 1155 verts) 'Material #10'
		Man5 (377 polys, 1131 verts) 'Material #10'
		Man06 (377 polys, 1131 verts) 'Material #10'
		Man07 (385 polys, 1155 verts) 'Material #10'
		Man08 (385 polys, 1155 verts) 'Material #10'
		Man09 (391 polys, 1173 verts) 'Material #10'
		Man10 (385 polys, 1155 verts) 'Material #10'
		Man11 (377 polys, 1131 verts) 'Material #10'
		Man12 (385 polys, 1155 verts) 'Material #10'
		GunPositions (168 polys, 504 verts) '1 - Default'
		Position1Bit (21 polys, 63 verts) '1 - Default'
		Radar2 (12 polys, 36 verts) '1 - Default'


Total:    (29349 polys, 88047 verts)
Mesh Max: (3014 polys, 9042 verts)
