	Chassis [937 polys, 1598 verts] '07 - Default'
		Left Tracks [132 polys, 144 verts] '08 - Default'
			Ruedas Izquierdas [336 polys, 408 verts] '09 - Default'
		Right Tracks [132 polys, 144 verts] '08 - Default'
			Ruedas Derechas [336 polys, 408 verts] '09 - Default'
		Turret [214 polys, 296 verts] '07 - Default'
			Gun Barrel [84 polys, 90 verts] '07 - Default'
			Visor1 [10 polys, 20 verts] '07 - Default'
				MachineGun [24 polys, 27 verts] '07 - Default'
		Visor2 [10 polys, 20 verts] '07 - Default'
			obus [24 polys, 27 verts] '07 - Default'


Num Nodes: 11
Total:    (2239 polys, 3182 verts)
Mesh Max: (937 polys, 1598 verts)

3 Materials:
 (  1) 07 - Default:
       Churchill.bmp
 (  2) 08 - Default:
       churchill_track.bmp
 (  3) 09 - Default:
       churchill_wheels.bmp

3 Textures:
Churchill.bmp
churchill_track.bmp
churchill_wheels.bmp

Points

Extents
