[LastNames]
Albernaz
Alvim
Beraldo
Buyers
Corrêa
Corrêa Rocha
Costa
da Costa Canário
da Fonseca
da Silva
de Assis
de Medeiros
de Moraes
de Oliveira
dos Santos
Dornelles
e Silva
Jacques
Kopp
Librelloto
Luca
Machado
Menezes
Miranda
Morgado
Moura
Neves
Paes
Pereyron Mocelin
Pinto
Poucinhas
Prates
Ramos
Sabroza
Sampaio
Taunay
Tormin Costa
Urrutigaray
Wanderley

[MaleFirstNames]
Joaquim Lavigne
José Cesário
Ovídio Alves
John William
José Carlos de Miranda
Fernando
Roberto Tormim
Raymundo
Luiz Felipe Perdigão Medeiros
Newton Lagares
Josino Maia
João Maurício Campos
Clóvis Cardoso
Fortunato Câmara
Frederico Gustavo
Luis Lopes
Álvaro Eustórgio de Oliveira
Marcílio Gibson
Theobaldo Antônio
Pascoal Gomes
Rube Canabarro
Horácio Monteiro
Diomar
Joel
Fernando de Barros
Nero
Ary
Ismael da Motta
Fernando Soares
Oswaldo Pamplona
Jorge Maia
João Milton
Roberto Pessôa
Francisco Dutra
Aurélio Vieira
Dionísio Cerqueira
Roberto
Lucílio Velasquez
Nelson Freire Lavenère

[FemaleFirstNames]