	Fuselage (924 polys, 2772 verts) '06 - Default'
		Canopy (104 polys, 312 verts) '09 - Default'
			canopy_frame (161 polys, 483 verts) '06 - Default'
			canopy_frame_inner (161 polys, 483 verts) '13 - Default'
		Cockpit (55 polys, 165 verts) '13 - Default'
		port_wing (725 polys, 2175 verts) '12 - Default'
			port_faring (5 polys, 15 verts) '12 - Default'
			Port_hinge (60 polys, 180 verts) '12 - Default'
			Port_slipper (224 polys, 672 verts) '06 - Default'
			Gun02 (216 polys, 648 verts) '12 - Default'
			Gun01 (216 polys, 648 verts) '12 - Default'
			Port_axle (16 polys, 48 verts) '08 - Default'
				Port_strut (72 polys, 216 verts) '08 - Default'
					Port_wheel (240 polys, 720 verts) '18 - Default'
					port_door (98 polys, 294 verts) '12 - Default'
					Port_strut1 (48 polys, 144 verts) '08 - Default'
			port_door_outer (38 polys, 114 verts) '12 - Default'
			Port_aileron (113 polys, 339 verts) '12 - Default'
			starboard_faring (5 polys, 15 verts) '12 - Default'
			Port_hardrock_1 (36 polys, 108 verts) '12 - Default'
			Port_hardrock_2 (36 polys, 108 verts) '12 - Default'
			Port_hardrock_3 (36 polys, 108 verts) '12 - Default'
			Port_hardrock_4 (36 polys, 108 verts) '12 - Default'
			Port_Hard (116 polys, 348 verts) '12 - Default'
		rear_canopy (80 polys, 240 verts) '09 - Default'
			rear_canopy_frame_inner (204 polys, 612 verts) '13 - Default'
		rear_cockpit (18 polys, 54 verts) '13 - Default'
		port_stacks (192 polys, 576 verts) '19 - Default'
			port_stack_covers (4 polys, 12 verts) '06 - Default'
		starboard_stacks (192 polys, 576 verts) '19 - Default'
			starboard_stack_covers (4 polys, 12 verts) '06 - Default'
		tail_axle (16 polys, 48 verts) 'ERROR: No material is assigned to this node!'
			tail_strut (168 polys, 504 verts) '08 - Default'
				Tail_wheel (180 polys, 540 verts) '18 - Default'
			tailhook (287 polys, 861 verts) '12 - Default'
		Port_stab (180 polys, 540 verts) '12 - Default'
			port_elevator (253 polys, 759 verts) '12 - Default'
		starboard_stab (180 polys, 540 verts) '12 - Default'
			starboard_elevator (253 polys, 759 verts) '12 - Default'
		Rudder (320 polys, 960 verts) '06 - Default'
		Tail_inner (36 polys, 108 verts) '08 - Default'
		tail_port_door (66 polys, 198 verts) '06 - Default'
		Radio_mast (48 polys, 144 verts) '13 - Default'
		Cylinder02 (12 polys, 36 verts) 'ERROR: No material is assigned to this node!'
			Port_flap (64 polys, 192 verts) '12 - Default'
			starboard_flap (64 polys, 192 verts) '12 - Default'
		starboard_wing (725 polys, 2175 verts) '12 - Default'
			starboard_aileron (113 polys, 339 verts) '12 - Default'
			starboard_door_outer (38 polys, 114 verts) '12 - Default'
			Gun03 (216 polys, 648 verts) '12 - Default'
			Gun04 (216 polys, 648 verts) '12 - Default'
			Starboard_slipper (158 polys, 474 verts) '06 - Default'
				Light_cover (80 polys, 240 verts) '20 - Default'
			Starboard_hinge (60 polys, 180 verts) '12 - Default'
			Starboad_axle (16 polys, 48 verts) '08 - Default'
				Starboard_strut (72 polys, 216 verts) '08 - Default'
					Starboard_wheel (240 polys, 720 verts) '18 - Default'
					starboard_door (98 polys, 294 verts) '12 - Default'
					Starboard_strut1 (48 polys, 144 verts) '08 - Default'
			starboard_hardrock_4 (36 polys, 108 verts) '12 - Default'
			starboard_hardrock_3 (36 polys, 108 verts) '12 - Default'
			starboard_hardrock_2 (36 polys, 108 verts) '12 - Default'
			starboard_hardrock_1 (36 polys, 108 verts) '12 - Default'
			starboard_Hard (116 polys, 348 verts) '12 - Default'
		tail_starboard_door (66 polys, 198 verts) '06 - Default'
		engine (216 polys, 648 verts) 'ERROR: No material is assigned to this node!'
			Spinner (216 polys, 648 verts) '06 - Default'
			crankshaft (1306 polys, 3918 verts) '13 - Default'
			prop_disk (50 polys, 150 verts) '21 - Default'


Total:    (10756 polys, 32268 verts)
Mesh Max: (1306 polys, 3918 verts)
