	Cockpit_Vi (67 polys, 201 verts) '02 - Default'
		Cockpit_Se (18 polys, 54 verts) 'Default'
			CanopyFrame01 (134 polys, 402 verts) '02 - Default'
				RearGlass2 (22 polys, 66 verts) '11 - Default'
				Objet02 (2 polys, 6 verts) '02 - Default'
					Objet03 (10 polys, 30 verts) '02 - Default'
		CockpitBac (40 polys, 120 verts) '02 - Default'
		CockpitDoo (4 polys, 12 verts) '02 - Default'
			SideWinFrame01 (10 polys, 30 verts) '02 - Default'
		WindShield (27 polys, 81 verts) '01 - Default'
			ArmouredSh (60 polys, 180 verts) '01 - Default'
				Cylinder03 (43 polys, 129 verts) '02 - Default'
				Cylinder04 (43 polys, 129 verts) '02 - Default'
				FrontGlass01 (8 polys, 24 verts) '22 - Default'
		Panel (11 polys, 33 verts) '01 - Default'
			Boost (52 polys, 156 verts) '01 - Default'
			RPM (52 polys, 156 verts) '01 - Default'
			CenterPanel (10 polys, 30 verts) '01 - Default'
				ADIRing (130 polys, 390 verts) '01 - Default'
					PitchRollBar (22 polys, 66 verts) '05 - Default'
					Position01 (2 polys, 6 verts) '13 - Default'
					Position (2 polys, 6 verts) '13 - Default'
				needleAlt100 (2 polys, 6 verts) '13 - Default'
				needleAlt1000 (2 polys, 6 verts) '13 - Default'
				needleslip (2 polys, 6 verts) '13 - Default'
				needlespeed (2 polys, 6 verts) '13 - Default'
				needleVASI (2 polys, 6 verts) '13 - Default'
				needTurn (2 polys, 6 verts) '13 - Default'
				needleOxy1 (2 polys, 6 verts) '13 - Default'
			RAD (52 polys, 156 verts) '03 - Default'
			OIL (52 polys, 156 verts) '01 - Default'
			Fuel (52 polys, 156 verts) '03 - Default'
			oxy02 (52 polys, 156 verts) '01 - Default'
			NosePos (52 polys, 156 verts) '03 - Default'
			Oxy01 (52 polys, 156 verts) '03 - Default'
			InstrumentX (52 polys, 156 verts) '03 - Default'
			Oil (10 polys, 30 verts) '01 - Default'
			Gearbox (10 polys, 30 verts) '01 - Default'
				GearUp (2 polys, 6 verts) '01 - Default'
				GearDown (2 polys, 6 verts) '01 - Default'
			Cylinder01 (22 polys, 66 verts) '03 - Default'
			Cylinder02 (22 polys, 66 verts) '03 - Default'
			FlapSwHold (94 polys, 282 verts) '02 - Default'
			AC (10 polys, 30 verts) '03 - Default'
			Textbox01 (10 polys, 30 verts) '02 - Default'
			PanelNuts (44 polys, 132 verts) '02 - Default'
			PanelNuts01 (44 polys, 132 verts) '02 - Default'
			Clock (52 polys, 156 verts) '03 - Default'
			Textbox02 (10 polys, 30 verts) '02 - Default'
			Switchbox2 (10 polys, 30 verts) '02 - Default'
			Switchbox1 (10 polys, 30 verts) '03 - Default'
			Textbox02 (10 polys, 30 verts) '03 - Default'
			Boost (10 polys, 30 verts) '03 - Default'
			Box11 (10 polys, 30 verts) '03 - Default'
			Cylinder07 (22 polys, 66 verts) '02 - Default'
			PIC (22 polys, 66 verts) '19 - Default'
			Cylinder06 (34 polys, 102 verts) '24 - Default'
			Flapswitch (56 polys, 168 verts) '02 - Default'
			Schraube (52 polys, 156 verts) '01 - Default'
			Schraube01 (52 polys, 156 verts) '01 - Default'
			Schraube02 (52 polys, 156 verts) '01 - Default'
			Schraube03 (52 polys, 156 verts) '01 - Default'
			Schraube04 (52 polys, 156 verts) '01 - Default'
			Schraube05 (52 polys, 156 verts) '01 - Default'
			Schraube06 (52 polys, 156 verts) '01 - Default'
			Schraube07 (52 polys, 156 verts) '01 - Default'
			Schraube08 (52 polys, 156 verts) '01 - Default'
			Schraube09 (52 polys, 156 verts) '01 - Default'
			Schraube10 (52 polys, 156 verts) '01 - Default'
			Schraube11 (52 polys, 156 verts) '01 - Default'
			Schraube12 (52 polys, 156 verts) '01 - Default'
			Schraube13 (52 polys, 156 verts) '01 - Default'
			Schraube14 (52 polys, 156 verts) '01 - Default'
			Schraube15 (52 polys, 156 verts) '01 - Default'
			Schraube16 (52 polys, 156 verts) '01 - Default'
			Schraube17 (52 polys, 156 verts) '01 - Default'
			Schraube18 (52 polys, 156 verts) '01 - Default'
			Schraube19 (52 polys, 156 verts) '01 - Default'
			Schraube20 (52 polys, 156 verts) '01 - Default'
			Schraube21 (52 polys, 156 verts) '01 - Default'
			Schraube22 (52 polys, 156 verts) '01 - Default'
			Schraube23 (52 polys, 156 verts) '01 - Default'
			Schraube24 (52 polys, 156 verts) '01 - Default'
			Schraube25 (52 polys, 156 verts) '01 - Default'
			Schraube26 (52 polys, 156 verts) '01 - Default'
			Schraube27 (52 polys, 156 verts) '01 - Default'
			Schraube28 (52 polys, 156 verts) '01 - Default'
			Schraube29 (52 polys, 156 verts) '01 - Default'
			Schraube30 (52 polys, 156 verts) '01 - Default'
			Schraube31 (52 polys, 156 verts) '01 - Default'
			Schraube32 (52 polys, 156 verts) '01 - Default'
			Schraube33 (52 polys, 156 verts) '01 - Default'
			MagCompass (36 polys, 108 verts) '06 - Default'
			needleminute (2 polys, 6 verts) '13 - Default'
			needlesecond (2 polys, 6 verts) '13 - Default'
			needleHour (2 polys, 6 verts) '13 - Default'
			needleNosePos (2 polys, 6 verts) '13 - Default'
			needlex1 (2 polys, 6 verts) '13 - Default'
			needlex2 (2 polys, 6 verts) '13 - Default'
			needlex3 (2 polys, 6 verts) '13 - Default'
			needleRPM (2 polys, 6 verts) '13 - Default'
			needleV (2 polys, 6 verts) '13 - Default'
			needleBoost (2 polys, 6 verts) '13 - Default'
			needleTemp (2 polys, 6 verts) '13 - Default'
			needleOilTemp (2 polys, 6 verts) '13 - Default'
			needleFuel (2 polys, 6 verts) '13 - Default'
			Cylinder08 (22 polys, 66 verts) '03 - Default'
			Cylinder09 (22 polys, 66 verts) '03 - Default'
			Cylinder10 (34 polys, 102 verts) '24 - Default'
			Cylinder11 (34 polys, 102 verts) '24 - Default'
			Cylinder12 (34 polys, 102 verts) '24 - Default'
			Cylinder13 (34 polys, 102 verts) '24 - Default'
			Cylinder14 (34 polys, 102 verts) '24 - Default'
			Cylinder15 (34 polys, 102 verts) '24 - Default'
			Cylinder16 (34 polys, 102 verts) '24 - Default'
			Cylinder17 (34 polys, 102 verts) '24 - Default'
			Cylinder18 (34 polys, 102 verts) '24 - Default'
			Cylinder19 (34 polys, 102 verts) '24 - Default'
			Cylinder20 (34 polys, 102 verts) '24 - Default'
			Cylinder21 (34 polys, 102 verts) '24 - Default'
			Cylinder22 (34 polys, 102 verts) '24 - Default'
			Cylinder23 (34 polys, 102 verts) '24 - Default'
			Cylinder24 (34 polys, 102 verts) '24 - Default'
			Kippschalter01 (208 polys, 624 verts) '02 - Default'
			Kippschalter02 (208 polys, 624 verts) '02 - Default'
			Kippschalter03 (208 polys, 624 verts) '02 - Default'
		Lower_Panel (126 polys, 378 verts) '02 - Default'
		Gunsighthold (290 polys, 870 verts) '02 - Default'
			Gunsight (165 polys, 495 verts) '02 - Default'
				Gunsight_Glass (4 polys, 12 verts) 'F-4e_hudglass'
					Objet01 (8 polys, 24 verts) 'F-4e_HUD glass sides'
		Sideframe (40 polys, 120 verts) '02 - Default'
		Sideframe01 (40 polys, 120 verts) '02 - Default'
		SideWinFrame (10 polys, 30 verts) '02 - Default'
		FrontFrame (296 polys, 888 verts) '01 - Default'
			Nut (494 polys, 1482 verts) '02 - Default'
			FrontGlass2 (33 polys, 99 verts) '11 - Default'
			supp_Mirror (176 polys, 528 verts) '02 - Default'
				Mirror (14 polys, 42 verts) '17 - Default'
			Objet20 (20 polys, 60 verts) '02 - Default'
		Hullframe (32 polys, 96 verts) '02 - Default'
		Hullframe01 (32 polys, 96 verts) '02 - Default'
		CanopyFrame (273 polys, 819 verts) '02 - Default'
			RearGlass (48 polys, 144 verts) '12 - Default'
				Tube01 (120 polys, 360 verts) '12 - Par défaut'
				Tube02 (120 polys, 360 verts) '12 - Par défaut'
		Gyrohold (36 polys, 108 verts) '02 - Default'
			Gyrocompass (124 polys, 372 verts) '04 - Default'


Total:    (7172 polys, 21516 verts)
Mesh Max: (494 polys, 1482 verts)
