	Hull (730 polys, 2190 verts) '1 - Default'
		mesh38 (12 polys, 36 verts) '1 - Default'
		mesh33 (20 polys, 60 verts) '1 - Default'
		mesh44 (68 polys, 204 verts) '1 - Default'
		mesh06 (907 polys, 2721 verts) '1 - Default'
		mesh23 (190 polys, 570 verts) '1 - Default'
		Turret1 (424 polys, 1272 verts) '1 - Default'
			Gun1 (108 polys, 324 verts) '1 - Default'
		Turret2 (424 polys, 1272 verts) '1 - Default'
			Gun2 (108 polys, 324 verts) '1 - Default'
		Turret3 (424 polys, 1272 verts) '1 - Default'
			Gun3 (108 polys, 324 verts) '1 - Default'
		mesh59 (248 polys, 744 verts) '1 - Default'
		mesh20 (328 polys, 984 verts) '1 - Default'
		mesh30 (28 polys, 84 verts) '2 - Default'
		mesh39 (266 polys, 798 verts) '1 - Default'
		mesh37 (96 polys, 288 verts) '1 - Default'
		mesh15 (622 polys, 1866 verts) '1 - Default'
		mesh18 (38 polys, 114 verts) '1 - Default'
		mesh05 (3043 polys, 9129 verts) '1 - Default'
		mesh24 (390 polys, 1170 verts) '1 - Default'
		mesh17 (1720 polys, 5160 verts) '3 - Default'
		mesh12 (498 polys, 1494 verts) '1 - Default'
		mesh03 (502 polys, 1506 verts) '1 - Default'
		mesh01 (736 polys, 2208 verts) '1 - Default'
		mesh11 (173 polys, 519 verts) '1 - Default'
		mesh16 (1367 polys, 4101 verts) '1 - Default'
		mesh14 (106 polys, 318 verts) '1 - Default'
		mesh19 (106 polys, 318 verts) '1 - Default'
		mesh21 (106 polys, 318 verts) '1 - Default'
		Radar (24 polys, 72 verts) '1 - Default'
		Turret4 (142 polys, 426 verts) '1 - Default'
			Gun4 (104 polys, 312 verts) '1 - Default'
		Turret5 (142 polys, 426 verts) '1 - Default'
			Gun5 (104 polys, 312 verts) '1 - Default'
		Turret6 (142 polys, 426 verts) '1 - Default'
			Gun6 (104 polys, 312 verts) '1 - Default'
		ForwardDeck (132 polys, 396 verts) '1 - Default'


Total:    (14790 polys, 44370 verts)
Mesh Max: (3043 polys, 9129 verts)
