	Fuselage (515 polys, 1545 verts) '09 - Default'
		Nose (321 polys, 963 verts) '13 - Default'
			NoseGear (72 polys, 216 verts) '07 - Default'
				NoseDoorGuide1 (24 polys, 72 verts) '07 - Default'
				NoseDoorGuide2 (24 polys, 72 verts) '07 - Default'
				NoseGear2 (24 polys, 72 verts) '07 - Default'
					NoseGear3 (48 polys, 144 verts) '07 - Default'
				NoseWheelMount2 (32 polys, 96 verts) '07 - Default'
				NoseWheelMount1 (32 polys, 96 verts) '07 - Default'
				NoseGearStrut (18 polys, 54 verts) '07 - Default'
					NoseWheel (120 polys, 360 verts) '19 - Default'
					NoseGearStrut2 (24 polys, 72 verts) '07 - Default'
			NoseDoorFwd (54 polys, 162 verts) '07 - Default'
				NoseLightMount (24 polys, 72 verts) '07 - Default'
					NoseLight (42 polys, 126 verts) '07 - Default'
			NoseDoorAft (28 polys, 84 verts) '07 - Default'
			NoseGearWell (54 polys, 162 verts) '07 - Default'
			CanopyFrame (83 polys, 249 verts) '13 - Default'
				FrontCanopyGlass (16 polys, 48 verts) '03 - Default'
				CanopyClass (60 polys, 180 verts) '03 - Default'
			CanopyInsideFrame (160 polys, 480 verts) '13 - Default'
			CockpitFront (19 polys, 57 verts) '13 - Default'
				GunSightMount (10 polys, 30 verts) '13 - Default'
					GunSiteSideMount (20 polys, 60 verts) '13 - Default'
					GunSightGlass (8 polys, 24 verts) '03 - Default'
			Cockpit (30 polys, 90 verts) '13 - Default'
		CatHook (72 polys, 216 verts) '09 - Default'
		BrassChute1 (20 polys, 60 verts) '09 - Default'
		WhipAnt3 (24 polys, 72 verts) '09 - Default'
		WhipAnt2 (24 polys, 72 verts) '09 - Default'
		RightIntake (19 polys, 57 verts) '09 - Default'
			BrassChute2 (20 polys, 60 verts) '09 - Default'
		LeftIntake (19 polys, 57 verts) '09 - Default'
		LeftExhaust (112 polys, 336 verts) '09 - Default'
		LeftSpeedBrake (36 polys, 108 verts) '09 - Default'
		LeftGearDoor1 (48 polys, 144 verts) '07 - Default'
		LeftGearDoor2 (44 polys, 132 verts) '07 - Default'
		LeftGearDoor3 (36 polys, 108 verts) '07 - Default'
		LeftGearWell (60 polys, 180 verts) '07 - Default'
		LeftGear (24 polys, 72 verts) '07 - Default'
			LeftGearBrace (24 polys, 72 verts) '07 - Default'
			LeftGearStrut (56 polys, 168 verts) '07 - Default'
				LeftScissor2 (38 polys, 114 verts) '07 - Default'
				LeftGearMount (60 polys, 180 verts) '07 - Default'
				LeftGearBrake (60 polys, 180 verts) '07 - Default'
				LeftWheel (120 polys, 360 verts) '19 - Default'
				LeftScissor03 (38 polys, 114 verts) '07 - Default'
		RightGear (24 polys, 72 verts) '07 - Default'
			RightGearBrace (24 polys, 72 verts) '07 - Default'
			RightGearStrut (56 polys, 168 verts) '07 - Default'
				RightScissor2 (38 polys, 114 verts) '07 - Default'
				RightGearMount (60 polys, 180 verts) '07 - Default'
				RightGearBrake (60 polys, 180 verts) '07 - Default'
				RightWheel (120 polys, 360 verts) '19 - Default'
				RightScissor03 (38 polys, 114 verts) '07 - Default'
		Tail (229 polys, 687 verts) '08 - Default'
			WhipAnt1 (24 polys, 72 verts) '09 - Default'
			TailRadome (216 polys, 648 verts) '08 - Default'
			RightStab (102 polys, 306 verts) '08 - Default'
				RightElevator (46 polys, 138 verts) '08 - Default'
			Rudder (106 polys, 318 verts) '08 - Default'
			LeftStab (102 polys, 306 verts) '08 - Default'
				LeftElevator (46 polys, 138 verts) '08 - Default'
			AftBall (40 polys, 120 verts) '08 - Default'
			Tailhook (176 polys, 528 verts) '08 - Default'
		LeftSpeedBrakeWell (28 polys, 84 verts) '09 - Default'
		RightSpeedBrake (36 polys, 108 verts) '09 - Default'
		RightSpeedBrakeWell (28 polys, 84 verts) '09 - Default'
		RightGearDoor1 (48 polys, 144 verts) '07 - Default'
		RightGearDoor2 (44 polys, 132 verts) '07 - Default'
		RightGearDoor3 (36 polys, 108 verts) '07 - Default'
		RightExhaust (112 polys, 336 verts) '09 - Default'
		RightGearWell (60 polys, 180 verts) '07 - Default'
		RightWing (204 polys, 612 verts) '15 - Default'
			RightAileron (43 polys, 129 verts) '15 - Default'
			RightFlap01 (36 polys, 108 verts) '15 - Default'
			RightFlapWell (24 polys, 72 verts) '15 - Default'
			RightFlap (36 polys, 108 verts) '15 - Default'
			RightTopFlapWell (25 polys, 75 verts) '15 - Default'
			RightTopFlap (32 polys, 96 verts) '15 - Default'
			RightBombPylon1 (32 polys, 96 verts) '15 - Default'
			RightRocketPylon5 (76 polys, 228 verts) '15 - Default'
			RightBombPylon2 (32 polys, 96 verts) '15 - Default'
			RightFuelPylon (32 polys, 96 verts) '15 - Default'
			RightRocketPylon3 (76 polys, 228 verts) '15 - Default'
			RightRocketPylon2 (76 polys, 228 verts) '15 - Default'
			RightRocketPylon1 (76 polys, 228 verts) '15 - Default'
		LeftWing (204 polys, 612 verts) '14 - Default'
			LeftAileron (43 polys, 129 verts) '14 - Default'
			LeftFlap01 (36 polys, 108 verts) '14 - Default'
			LeftFlapWell (24 polys, 72 verts) '14 - Default'
			LeftFlap (36 polys, 108 verts) '14 - Default'
			LeftTopFlapWell (25 polys, 75 verts) '14 - Default'
			LeftTopFlap (32 polys, 96 verts) '14 - Default'
			Pitot (64 polys, 192 verts) '14 - Default'
			RightRocketPylon4 (76 polys, 228 verts) '15 - Default'
			LeftBombPylon2 (32 polys, 96 verts) '14 - Default'
			LeftRocketPylon5 (76 polys, 228 verts) '14 - Default'
			LeftFuelPylon (32 polys, 96 verts) '14 - Default'
			LeftRocketPylon3 (76 polys, 228 verts) '14 - Default'
			LeftRocketPylon4 (76 polys, 228 verts) '14 - Default'
			LeftBombPylon1 (32 polys, 96 verts) '14 - Default'
			LeftRocketPylon2 (76 polys, 228 verts) '14 - Default'
			LeftRocketPylon1 (76 polys, 228 verts) '14 - Default'
		Cylinder01 (56 polys, 168 verts) '09 - Default'


Total:    (6587 polys, 19761 verts)
Mesh Max: (515 polys, 1545 verts)
